[Licensing::Module] Trying to connect to existing licensing client channel...
[Licensing::IpcConnector] Successfully connected to the License Client on channel: "LicenseClient-m.thalhammer"
[Licensing::Client] Handshaking with LicensingClient:
  Version:                 1.12.1+9338cad
  Session Id:              02c8ae4f5c2341048e263b2b7ef6a4f7
  Correlation Id:          a609710f0298e56b7a28dce2592831bc
  External correlation Id: 6150447339792270486
  Machine Id:              1N9BpTDAWI4eWF7yCjO6TPc7igs=
[Licensing::Module] Successfully connected to LicensingClient on channel: "LicenseClient-m.thalhammer" (connect: 0.00s, validation: 0.01s, handshake: 1.72s)
[Licensing::IpcConnector] Successfully connected to the License Notification on channel: "LicenseClient-m.thalhammer-notifications"
Entitlement-based licensing initiated
[Licensing::Module] Error: Access token is unavailable; failed to update
[Licensing::Client] Error: Code 500 while processing request (status: Unable to update licenses. Errors: Cannot save ULF license file: Unexpected error. Access to the path 'C:\ProgramData\Unity\Unity_lic.ulf' is denied.,No license activation found for this computer.)
[Licensing::Client] Error: Code 500 while updating license in client (status: Unable to update licenses. Errors: Cannot save ULF license file: Unexpected error. Access to the path 'C:\ProgramData\Unity\Unity_lic.ulf' is denied.,No license activation found for this computer.)
Built from '2021.3/staging' branch; Version is '2021.3.26f1 (a16dc32e0ff2) revision 10579395'; Using compiler version '192829333'; Build Type 'Release'
OS: 'Windows 10  (10.0.19045) 64bit Professional' Language: 'de' Physical Memory: 65254 MB
[Licensing::Client] Successfully resolved entitlements
[Licensing::Module] Serial number assigned to: "SC-CCM7-WNA6-VCA6-ENUY-XXXX"
BatchMode: 1, IsHumanControllingUs: 0, StartBugReporterOnCrash: 0, Is64bit: 1, IsPro: 1
[Package Manager] Server::Start -- Port 63153 was selected

COMMAND LINE ARGUMENTS:
C:\Program Files\Unity\Hub\Editor\2021.3.26f1\Editor\Unity.exe
-BatchMode
-Quit
-Wait
-projectPath
E:\Repos\MixedReality-WorldLockingTools-Unity
-exportPackage
Assets\WorldLocking.Core
Assets\WorldLocking.Engine
E:\Repos\MixedReality-WorldLockingTools-Unity\pipelines\scripts\artifacts\Microsoft.WorldLockingTools.Unity.CoreEngine.unitypackage
-logFile
E:\Repos\MixedReality-WorldLockingTools-Unity\pipelines\scripts\Build-UnityPackage-CoreEngine.log
Successfully changed project path to: E:\Repos\MixedReality-WorldLockingTools-Unity
E:/Repos/MixedReality-WorldLockingTools-Unity
[UnityMemory] Configuration Parameters - Can be set up in boot.config
    "memorysetup-bucket-allocator-granularity=16"
    "memorysetup-bucket-allocator-bucket-count=8"
    "memorysetup-bucket-allocator-block-size=33554432"
    "memorysetup-bucket-allocator-block-count=8"
    "memorysetup-main-allocator-block-size=16777216"
    "memorysetup-thread-allocator-block-size=16777216"
    "memorysetup-gfx-main-allocator-block-size=16777216"
    "memorysetup-gfx-thread-allocator-block-size=16777216"
    "memorysetup-cache-allocator-block-size=4194304"
    "memorysetup-typetree-allocator-block-size=2097152"
    "memorysetup-profiler-bucket-allocator-granularity=16"
    "memorysetup-profiler-bucket-allocator-bucket-count=8"
    "memorysetup-profiler-bucket-allocator-block-size=33554432"
    "memorysetup-profiler-bucket-allocator-block-count=8"
    "memorysetup-profiler-allocator-block-size=16777216"
    "memorysetup-profiler-editor-allocator-block-size=1048576"
    "memorysetup-temp-allocator-size-main=16777216"
    "memorysetup-job-temp-allocator-block-size=2097152"
    "memorysetup-job-temp-allocator-block-size-background=1048576"
    "memorysetup-job-temp-allocator-reduction-small-platforms=262144"
    "memorysetup-temp-allocator-size-background-worker=32768"
    "memorysetup-temp-allocator-size-job-worker=262144"
    "memorysetup-temp-allocator-size-preload-manager=33554432"
    "memorysetup-temp-allocator-size-nav-mesh-worker=65536"
    "memorysetup-temp-allocator-size-audio-worker=65536"
    "memorysetup-temp-allocator-size-cloud-worker=32768"
    "memorysetup-temp-allocator-size-gi-baking-worker=262144"
    "memorysetup-temp-allocator-size-gfx=262144"
Player connection [17816] Host "[IP] 172.21.80.1 [Port] 55498 [Flags] 2 [Guid] 2351590029 [EditorId] 2351590029 [Version] 1048832 [Id] WindowsEditor(7,Thalhammer-NB) [Debug] 1 [PackageName] WindowsEditor [ProjectName] Editor" joined multi-casting on [225.0.0.222:54997]...

Player connection [17816] Host "[IP] 172.21.80.1 [Port] 55498 [Flags] 2 [Guid] 2351590029 [EditorId] 2351590029 [Version] 1048832 [Id] WindowsEditor(7,Thalhammer-NB) [Debug] 1 [PackageName] WindowsEditor [ProjectName] Editor" joined alternative multi-casting on [225.0.0.222:34997]...

[Licensing::Client] Successfully resolved entitlements
[Package Manager] Restoring resolved packages state from cache
[Licensing::Client] Successfully resolved entitlement details
[Package Manager] 
Registered 42 packages:
  Packages from [https://packages.unity.com]:
    com.unity.collab-proxy@2.0.4 (location: E:\Repos\MixedReality-WorldLockingTools-Unity\Library\PackageCache\com.unity.collab-proxy@2.0.4)
    com.unity.ide.rider@3.0.21 (location: E:\Repos\MixedReality-WorldLockingTools-Unity\Library\PackageCache\com.unity.ide.rider@3.0.21)
    com.unity.ide.visualstudio@2.0.18 (location: E:\Repos\MixedReality-WorldLockingTools-Unity\Library\PackageCache\com.unity.ide.visualstudio@2.0.18)
    com.unity.ide.vscode@1.2.5 (location: E:\Repos\MixedReality-WorldLockingTools-Unity\Library\PackageCache\com.unity.ide.vscode@1.2.5)
    com.unity.test-framework@1.1.33 (location: E:\Repos\MixedReality-WorldLockingTools-Unity\Library\PackageCache\com.unity.test-framework@1.1.33)
    com.unity.textmeshpro@3.0.6 (location: E:\Repos\MixedReality-WorldLockingTools-Unity\Library\PackageCache\com.unity.textmeshpro@3.0.6)
    com.unity.timeline@1.6.5 (location: E:\Repos\MixedReality-WorldLockingTools-Unity\Library\PackageCache\com.unity.timeline@1.6.5)
    com.unity.ext.nunit@1.0.6 (location: E:\Repos\MixedReality-WorldLockingTools-Unity\Library\PackageCache\com.unity.ext.nunit@1.0.6)
  Built-in packages:
    com.unity.ugui@1.0.0 (location: E:\Repos\MixedReality-WorldLockingTools-Unity\Library\PackageCache\com.unity.ugui@1.0.0)
    com.unity.modules.ai@1.0.0 (location: E:\Repos\MixedReality-WorldLockingTools-Unity\Library\PackageCache\com.unity.modules.ai@1.0.0)
    com.unity.modules.androidjni@1.0.0 (location: E:\Repos\MixedReality-WorldLockingTools-Unity\Library\PackageCache\com.unity.modules.androidjni@1.0.0)
    com.unity.modules.animation@1.0.0 (location: E:\Repos\MixedReality-WorldLockingTools-Unity\Library\PackageCache\com.unity.modules.animation@1.0.0)
    com.unity.modules.assetbundle@1.0.0 (location: E:\Repos\MixedReality-WorldLockingTools-Unity\Library\PackageCache\com.unity.modules.assetbundle@1.0.0)
    com.unity.modules.audio@1.0.0 (location: E:\Repos\MixedReality-WorldLockingTools-Unity\Library\PackageCache\com.unity.modules.audio@1.0.0)
    com.unity.modules.cloth@1.0.0 (location: E:\Repos\MixedReality-WorldLockingTools-Unity\Library\PackageCache\com.unity.modules.cloth@1.0.0)
    com.unity.modules.director@1.0.0 (location: E:\Repos\MixedReality-WorldLockingTools-Unity\Library\PackageCache\com.unity.modules.director@1.0.0)
    com.unity.modules.imageconversion@1.0.0 (location: E:\Repos\MixedReality-WorldLockingTools-Unity\Library\PackageCache\com.unity.modules.imageconversion@1.0.0)
    com.unity.modules.imgui@1.0.0 (location: E:\Repos\MixedReality-WorldLockingTools-Unity\Library\PackageCache\com.unity.modules.imgui@1.0.0)
    com.unity.modules.jsonserialize@1.0.0 (location: E:\Repos\MixedReality-WorldLockingTools-Unity\Library\PackageCache\com.unity.modules.jsonserialize@1.0.0)
    com.unity.modules.particlesystem@1.0.0 (location: E:\Repos\MixedReality-WorldLockingTools-Unity\Library\PackageCache\com.unity.modules.particlesystem@1.0.0)
    com.unity.modules.physics@1.0.0 (location: E:\Repos\MixedReality-WorldLockingTools-Unity\Library\PackageCache\com.unity.modules.physics@1.0.0)
    com.unity.modules.physics2d@1.0.0 (location: E:\Repos\MixedReality-WorldLockingTools-Unity\Library\PackageCache\com.unity.modules.physics2d@1.0.0)
    com.unity.modules.screencapture@1.0.0 (location: E:\Repos\MixedReality-WorldLockingTools-Unity\Library\PackageCache\com.unity.modules.screencapture@1.0.0)
    com.unity.modules.terrain@1.0.0 (location: E:\Repos\MixedReality-WorldLockingTools-Unity\Library\PackageCache\com.unity.modules.terrain@1.0.0)
    com.unity.modules.terrainphysics@1.0.0 (location: E:\Repos\MixedReality-WorldLockingTools-Unity\Library\PackageCache\com.unity.modules.terrainphysics@1.0.0)
    com.unity.modules.tilemap@1.0.0 (location: E:\Repos\MixedReality-WorldLockingTools-Unity\Library\PackageCache\com.unity.modules.tilemap@1.0.0)
    com.unity.modules.ui@1.0.0 (location: E:\Repos\MixedReality-WorldLockingTools-Unity\Library\PackageCache\com.unity.modules.ui@1.0.0)
    com.unity.modules.uielements@1.0.0 (location: E:\Repos\MixedReality-WorldLockingTools-Unity\Library\PackageCache\com.unity.modules.uielements@1.0.0)
    com.unity.modules.umbra@1.0.0 (location: E:\Repos\MixedReality-WorldLockingTools-Unity\Library\PackageCache\com.unity.modules.umbra@1.0.0)
    com.unity.modules.unityanalytics@1.0.0 (location: E:\Repos\MixedReality-WorldLockingTools-Unity\Library\PackageCache\com.unity.modules.unityanalytics@1.0.0)
    com.unity.modules.unitywebrequest@1.0.0 (location: E:\Repos\MixedReality-WorldLockingTools-Unity\Library\PackageCache\com.unity.modules.unitywebrequest@1.0.0)
    com.unity.modules.unitywebrequestassetbundle@1.0.0 (location: E:\Repos\MixedReality-WorldLockingTools-Unity\Library\PackageCache\com.unity.modules.unitywebrequestassetbundle@1.0.0)
    com.unity.modules.unitywebrequestaudio@1.0.0 (location: E:\Repos\MixedReality-WorldLockingTools-Unity\Library\PackageCache\com.unity.modules.unitywebrequestaudio@1.0.0)
    com.unity.modules.unitywebrequesttexture@1.0.0 (location: E:\Repos\MixedReality-WorldLockingTools-Unity\Library\PackageCache\com.unity.modules.unitywebrequesttexture@1.0.0)
    com.unity.modules.unitywebrequestwww@1.0.0 (location: E:\Repos\MixedReality-WorldLockingTools-Unity\Library\PackageCache\com.unity.modules.unitywebrequestwww@1.0.0)
    com.unity.modules.vehicles@1.0.0 (location: E:\Repos\MixedReality-WorldLockingTools-Unity\Library\PackageCache\com.unity.modules.vehicles@1.0.0)
    com.unity.modules.video@1.0.0 (location: E:\Repos\MixedReality-WorldLockingTools-Unity\Library\PackageCache\com.unity.modules.video@1.0.0)
    com.unity.modules.vr@1.0.0 (location: E:\Repos\MixedReality-WorldLockingTools-Unity\Library\PackageCache\com.unity.modules.vr@1.0.0)
    com.unity.modules.wind@1.0.0 (location: E:\Repos\MixedReality-WorldLockingTools-Unity\Library\PackageCache\com.unity.modules.wind@1.0.0)
    com.unity.modules.xr@1.0.0 (location: E:\Repos\MixedReality-WorldLockingTools-Unity\Library\PackageCache\com.unity.modules.xr@1.0.0)
    com.unity.modules.subsystems@1.0.0 (location: E:\Repos\MixedReality-WorldLockingTools-Unity\Library\PackageCache\com.unity.modules.subsystems@1.0.0)
    com.unity.modules.uielementsnative@1.0.0 (location: E:\Repos\MixedReality-WorldLockingTools-Unity\Library\PackageCache\com.unity.modules.uielementsnative@1.0.0)

[Subsystems] No new subsystems found in resolved package list.
Package Manager log level set to [2]
[Package Manager] Done registering packages in 0.07s seconds
Refreshing native plugins compatible for Editor in 4.94 ms, found 3 plugins.
Preloading 0 native plugins for Editor in 0.00 ms.
Initialize engine version: 2021.3.26f1 (a16dc32e0ff2)
[Subsystems] Discovering subsystems at path C:/Program Files/Unity/Hub/Editor/2021.3.26f1/Editor/Data/Resources/UnitySubsystems
[Subsystems] Discovering subsystems at path E:/Repos/MixedReality-WorldLockingTools-Unity/Assets
GfxDevice: creating device client; threaded=0; jobified=0
Direct3D:
    Version:  Direct3D 11.0 [level 11.1]
    Renderer: NVIDIA Quadro RTX 4000 with Max-Q Design (ID=0x1eb6)
    Vendor:   NVIDIA
    VRAM:     8008 MB
    Driver:   31.0.15.2890
[Licensing::Client] Successfully resolved entitlements
Initialize mono
Mono path[0] = 'C:/Program Files/Unity/Hub/Editor/2021.3.26f1/Editor/Data/Managed'
Mono path[1] = 'C:/Program Files/Unity/Hub/Editor/2021.3.26f1/Editor/Data/MonoBleedingEdge/lib/mono/unityjit-win32'
Mono config path = 'C:/Program Files/Unity/Hub/Editor/2021.3.26f1/Editor/Data/MonoBleedingEdge/etc'
Using monoOptions --debugger-agent=transport=dt_socket,embedding=1,server=y,suspend=n,address=127.0.0.1:56332
Using cacheserver namespaces - metadata:defaultmetadata, artifacts:defaultartifacts
Using cacheserver namespaces - metadata:defaultmetadata, artifacts:defaultartifacts
ImportWorker Server TCP listen port: 0
AcceleratorClientConnectionCallback - disconnected - :0
Begin MonoManager ReloadAssembly
Registering precompiled unity dll's ...
Register platform support module: C:/Program Files/Unity/Hub/Editor/2021.3.26f1/Editor/Data/PlaybackEngines/WindowsStandaloneSupport/UnityEditor.WindowsStandalone.Extensions.dll
[Licensing::Client] Successfully resolved entitlements
Register platform support module: C:/Program Files/Unity/Hub/Editor/2021.3.26f1/Editor/Data/PlaybackEngines/MetroSupport/UnityEditor.UWP.Extensions.dll
Registered in 0.021627 seconds.
Native extension for UWP target not found
Native extension for WindowsStandalone target not found
Refreshing native plugins compatible for Editor in 1.61 ms, found 3 plugins.
Preloading 0 native plugins for Editor in 0.00 ms.
Mono: successfully reloaded assembly
- Completed reload, in  0.571 seconds
Domain Reload Profiling:
	ReloadAssembly (571ms)
		BeginReloadAssembly (83ms)
			ExecutionOrderSort (0ms)
			DisableScriptedObjects (0ms)
			BackupInstance (0ms)
			ReleaseScriptingObjects (0ms)
			CreateAndSetChildDomain (1ms)
		EndReloadAssembly (374ms)
			LoadAssemblies (81ms)
			RebuildTransferFunctionScriptingTraits (0ms)
			SetupTypeCache (95ms)
			ReleaseScriptCaches (0ms)
			RebuildScriptCaches (29ms)
			SetupLoadedEditorAssemblies (199ms)
				LogAssemblyErrors (0ms)
				InitializePlatformSupportModulesInManaged (11ms)
				SetLoadedEditorAssemblies (0ms)
				RefreshPlugins (2ms)
				BeforeProcessingInitializeOnLoad (1ms)
				ProcessInitializeOnLoadAttributes (138ms)
				ProcessInitializeOnLoadMethodAttributes (47ms)
				AfterProcessingInitializeOnLoad (0ms)
				EditorAssembliesLoaded (0ms)
			ExecutionOrderSort2 (0ms)
			AwakeInstancesAfterBackupRestoration (0ms)
Platform modules already initialized, skipping
[Licensing::Client] Successfully resolved entitlements
Application.AssetDatabase Initial Refresh Start
Registering precompiled user dll's ...
Registered in 0.002258 seconds.
Starting: C:\Program Files\Unity\Hub\Editor\2021.3.26f1\Editor\Data\bee_backend.exe --profile="Library/Bee/backend_profiler0.traceevents" --stdin-canary --dagfile="Library/Bee/1900b0aEDbg.dag" --continue-on-failure ScriptAssemblies
WorkingDir: E:/Repos/MixedReality-WorldLockingTools-Unity
ExitCode: 0 Duration: 0s72ms
*** Tundra build success (0.03 seconds), 0 items updated, 573 evaluated
AssetDatabase: script compilation time: 0.470673s
Begin MonoManager ReloadAssembly
Native extension for UWP target not found
Native extension for WindowsStandalone target not found
Refreshing native plugins compatible for Editor in 34.19 ms, found 3 plugins.
Preloading 0 native plugins for Editor in 0.00 ms.
DisplayProgressbar: Restoring NuGet Packages
Unable to locate the shader source folder in the package
UnityEngine.StackTraceUtility:ExtractStackTrace ()
UnityEngine.DebugLogHandler:LogFormat (UnityEngine.LogType,UnityEngine.Object,string,object[])
UnityEngine.Logger:Log (UnityEngine.LogType,object)
UnityEngine.Debug:LogError (object)
Microsoft.MixedReality.Toolkit.Utilities.Editor.OnLoadUtilities:ImportShaderFiles (System.IO.DirectoryInfo) (at Assets/MRTK/StandardAssets/EditorUtilities/OnLoadUtilities.cs:169)
Microsoft.MixedReality.Toolkit.Utilities.Editor.OnLoadUtilities:EnsureShaders (bool) (at Assets/MRTK/StandardAssets/EditorUtilities/OnLoadUtilities.cs:61)
Microsoft.MixedReality.Toolkit.Utilities.Editor.OnLoadUtilities:.cctor () (at Assets/MRTK/StandardAssets/EditorUtilities/OnLoadUtilities.cs:23)
System.Runtime.CompilerServices.RuntimeHelpers:RunClassConstructor (System.RuntimeTypeHandle)
UnityEditor.EditorAssemblies:ProcessInitializeOnLoadAttributes (System.Type[])

(Filename: Assets/MRTK/StandardAssets/EditorUtilities/OnLoadUtilities.cs Line: 169)

Mono: successfully reloaded assembly
- Completed reload, in  1.335 seconds
Domain Reload Profiling:
	ReloadAssembly (1336ms)
		BeginReloadAssembly (135ms)
			ExecutionOrderSort (0ms)
			DisableScriptedObjects (6ms)
			BackupInstance (0ms)
			ReleaseScriptingObjects (0ms)
			CreateAndSetChildDomain (22ms)
		EndReloadAssembly (1110ms)
			LoadAssemblies (89ms)
			RebuildTransferFunctionScriptingTraits (0ms)
			SetupTypeCache (172ms)
			ReleaseScriptCaches (0ms)
			RebuildScriptCaches (59ms)
			SetupLoadedEditorAssemblies (760ms)
				LogAssemblyErrors (0ms)
				InitializePlatformSupportModulesInManaged (7ms)
				SetLoadedEditorAssemblies (0ms)
				RefreshPlugins (34ms)
				BeforeProcessingInitializeOnLoad (75ms)
				ProcessInitializeOnLoadAttributes (367ms)
				ProcessInitializeOnLoadMethodAttributes (265ms)
				AfterProcessingInitializeOnLoad (11ms)
				EditorAssembliesLoaded (0ms)
			ExecutionOrderSort2 (0ms)
			AwakeInstancesAfterBackupRestoration (5ms)
Platform modules already initialized, skipping
Registering precompiled user dll's ...
Registered in 0.002028 seconds.
Asset Pipeline Refresh: Total: 2.706 seconds - Initiated by InitialRefreshV2(ForceSynchronousImport)
	Summary:
		Imports: total=0 (actual=0, local cache=0, cache server=0)
		Asset DB Process Time: managed=0 ms, native=171 ms
		Asset DB Callback time: managed=25 ms, native=0 ms
		Scripting: domain reloads=1, domain reload time=1457 ms, compile time=472 ms, other=578 ms
		Project Asset Count: scripts=3554, non-scripts=1446
		Asset File Changes: new=0, changed=0, moved=0, deleted=0
		Scan Filter Count: 1
	InvokeBeforeRefreshCallbacks: 0.211ms
	ApplyChangesToAssetFolders: 0.042ms
	Scan: 74.521ms
	OnSourceAssetsModified: 0.000ms
	InitializeImportedAssetsSnapshot: 5.295ms
	GetAllGuidsForCategorization: 0.485ms
	CategorizeAssets: 67.111ms
	ImportOutOfDateAssets: 2521.645ms (2048.602ms without children)
		CompileScripts: 471.530ms
		EnsureUptoDateAssetsAreRegisteredWithGuidPM: 0.808ms
		InitializingProgressBar: 0.003ms
		PostProcessAllAssetNotificationsAddChangedAssets: 0.418ms
		OnDemandSchedulerStart: 0.284ms
	ReloadSourceAssets: 0.378ms
	UnloadImportedAssets: 11.799ms
	PostProcessAllAssets: 25.673ms
	GatherAllCurrentPrimaryArtifactRevisions: 0.000ms
	UnloadStreamsBegin: 0.344ms
	LoadedImportedAssetsSnapshotReleaseGCHandles: 0.876ms
	GetLoadedSourceAssetsSnapshot: 0.549ms
	PersistCurrentRevisions: 0.139ms
	UnloadStreamsEnd: 0.015ms
	GenerateScriptTypeHashes: 2.126ms
	Untracked: 22.136ms
Application.AssetDatabase Initial Refresh End
Launched and connected shader compiler UnityShaderCompiler.exe after 0.05 seconds
Scanning for USB devices : 44.359ms
Initializing Unity extensions:
[MODES] ModeService[none].Initialize
[MODES] ModeService[none].LoadModes
[MODES] Loading mode Default (0) for mode-current-id-WorldLockingTools
ProgressiveSceneManager::Cancel()
Unloading 329 Unused Serialized files (Serialized files now loaded: 0)
Unloading 435 unused Assets / (0.7 MB). Loaded Objects now: 3217.
Memory consumption went from 95.2 MB to 94.5 MB.
Total: 3.704800 ms (FindLiveObjects: 0.212400 ms CreateObjectMapping: 0.145900 ms MarkObjects: 2.958400 ms  DeleteObjects: 0.387400 ms)

Export package Assets\WorldLocking.Core to E:\Repos\MixedReality-WorldLockingTools-Unity\pipelines\scripts\artifacts\Microsoft.WorldLockingTools.Unity.CoreEngine.unitypackage
Export package Assets\WorldLocking.Engine to E:\Repos\MixedReality-WorldLockingTools-Unity\pipelines\scripts\artifacts\Microsoft.WorldLockingTools.Unity.CoreEngine.unitypackage
Batchmode quit successfully invoked - shutting down!
[Licensing::IpcConnector] License Notification channel disconnected successfully.
[Licensing::IpcConnector] License Client channel disconnected successfully.
AcceleratorClientConnectionCallback - disconnected - :0
Cleanup mono
[Performance] WinEditorMain                                                                                                      :        1 samples, Peak.  3.38 s (1.0x), Avg.  3.38 s, Total. 3.381 s (31.2%)
[Performance] WinEditorMain.ConfigureCrashHandler                                                                                :        1 samples, Peak.  97.4 us (1.0x), Avg.  97.4 us, Total. 97.40 us (0.0%)
[Performance] WinEditorMain.CurlRequestInitialize                                                                                :        1 samples, Peak.  7.78 ms (1.0x), Avg.  7.78 ms, Total. 7.778 ms (0.1%)
[Performance] WinEditorMain.SetupLogFile                                                                                         :        1 samples, Peak.  1.12 ms (1.0x), Avg.  1.12 ms, Total. 1.115 ms (0.0%)
[Performance] WinEditorMain.RunNativeTestsIfRequiredAndExit                                                                      :        1 samples, Peak.   800 ns (1.0x), Avg.   800 ns, Total. 800.0 ns (0.0%)
[Performance] WinEditorMain.Licensing                                                                                            :        1 samples, Peak.  3.24 s (1.0x), Avg.  3.24 s, Total. 3.244 s (29.9%)
[Performance] WinEditorMain.InitializeCrashHandler                                                                               :        1 samples, Peak.  12.1 ms (1.0x), Avg.  12.1 ms, Total. 12.10 ms (0.1%)
[Performance] WinEditorMain.CreateApplication                                                                                    :        1 samples, Peak.   230 us (1.0x), Avg.   230 us, Total. 229.7 us (0.0%)
[Performance] Application.InitializeProject                                                                                      :        1 samples, Peak.  6.03 s (1.0x), Avg.  6.03 s, Total. 6.029 s (55.6%)
[Performance] Application.PackageManager.StartServer                                                                             :        1 samples, Peak.  12.7 ms (1.0x), Avg.  12.7 ms, Total. 12.67 ms (0.1%)
[Performance] Application.AcquireProjectLock                                                                                     :        1 samples, Peak.  6.51 ms (1.0x), Avg.  6.51 ms, Total. 6.514 ms (0.1%)
[Performance] Application.InitializeEngineNoGraphics                                                                             :        1 samples, Peak.  54.1 ms (1.0x), Avg.  54.1 ms, Total. 54.06 ms (0.5%)
[Performance] Application.PackageManager.Initialize                                                                              :        1 samples, Peak.  1.00 s (1.0x), Avg.  1.00 s, Total. 1.000 s (9.2%)
[Performance] CurlRequestCheck                                                                                                   :       19 samples, Peak.  25.3 us (4.7x), Avg.  5.36 us, Total. 101.8 us (0.0%)
[Performance] Application.EngineGraphics.Initialize                                                                              :        1 samples, Peak.   156 ms (1.0x), Avg.   156 ms, Total. 156.0 ms (1.4%)
[Performance] Application.GI.Initialize                                                                                          :        1 samples, Peak.  2.50 ms (1.0x), Avg.  2.50 ms, Total. 2.499 ms (0.0%)
[Performance] Application.LoadAllDefaultResourcesFromEditor                                                                      :        1 samples, Peak.  1.73 ms (1.0x), Avg.  1.73 ms, Total. 1.731 ms (0.0%)
[Performance] Application.LoadMonoAssemblies                                                                                     :        1 samples, Peak.   584 ms (1.0x), Avg.   584 ms, Total. 584.0 ms (5.4%)
[Performance] RestoreManagedReferences                                                                                           :        2 samples, Peak.  41.1 ms (2.0x), Avg.  20.5 ms, Total. 41.10 ms (0.4%)
[Performance] InitializeOnLoad LayerSettingsWindow                                                                               :        2 samples, Peak.   386 us (1.9x), Avg.   198 us, Total. 396.6 us (0.0%)
[Performance] InitializeOnLoad ParameterControllerEditor                                                                         :        2 samples, Peak.  19.2 us (1.2x), Avg.  16.7 us, Total. 33.30 us (0.0%)
[Performance] InitializeOnLoad ServicesRepository                                                                                :        2 samples, Peak.   558 us (1.0x), Avg.   550 us, Total. 1.100 ms (0.0%)
[Performance] InitializeOnLoad AdsService                                                                                        :        2 samples, Peak.  4.08 ms (1.7x), Avg.  2.34 ms, Total. 4.672 ms (0.0%)
[Performance] InitializeOnLoad AnalyticsService                                                                                  :        2 samples, Peak.   139 us (1.0x), Avg.   135 us, Total. 269.4 us (0.0%)
[Performance] InitializeOnLoad BuildService                                                                                      :        2 samples, Peak.   182 us (1.1x), Avg.   164 us, Total. 327.1 us (0.0%)
[Performance] InitializeOnLoad CloudBuildPoller                                                                                  :        2 samples, Peak.   161 us (1.1x), Avg.   144 us, Total. 288.6 us (0.0%)
[Performance] InitializeOnLoad CollabService                                                                                     :        2 samples, Peak.   164 us (1.1x), Avg.   153 us, Total. 306.9 us (0.0%)
[Performance] InitializeOnLoad CrashService                                                                                      :        2 samples, Peak.   159 us (1.1x), Avg.   149 us, Total. 298.7 us (0.0%)
[Performance] InitializeOnLoad PurchasingService                                                                                 :        2 samples, Peak.  6.06 ms (1.5x), Avg.  4.07 ms, Total. 8.145 ms (0.1%)
[Performance] InitializeOnLoad UDPService                                                                                        :        2 samples, Peak.   244 us (1.2x), Avg.   198 us, Total. 395.8 us (0.0%)
[Performance] InitializeOnLoad UIDocumentHierarchyWatcher                                                                        :        2 samples, Peak.   668 us (1.6x), Avg.   416 us, Total. 832.5 us (0.0%)
[Performance] InitializeOnLoad RetainedMode                                                                                      :        2 samples, Peak.  1.99 ms (1.1x), Avg.  1.88 ms, Total. 3.769 ms (0.0%)
[Performance] InitializeOnLoad EditorMonitor                                                                                     :        2 samples, Peak.   182 us (1.1x), Avg.   173 us, Total. 346.6 us (0.0%)
[Performance] InitializeOnLoad EditorShaderLoader                                                                                :        2 samples, Peak.   858 us (1.0x), Avg.   858 us, Total. 1.715 ms (0.0%)
[Performance] InitializeOnLoad UXMLEditorFactories                                                                               :        2 samples, Peak.  58.6 ms (1.0x), Avg.  57.9 ms, Total. 115.8 ms (1.1%)
[Performance] InitializeOnLoad SearchMonitor                                                                                     :        2 samples, Peak.  24.1 ms (1.5x), Avg.  16.2 ms, Total. 32.49 ms (0.3%)
[Performance] InitializeOnLoad PlayModeDownload                                                                                  :        2 samples, Peak.  2.35 ms (1.9x), Avg.  1.23 ms, Total. 2.466 ms (0.0%)
[Performance] InitializeOnLoad SearchWindow                                                                                      :        2 samples, Peak.   124 us (1.0x), Avg.   122 us, Total. 244.5 us (0.0%)
[Performance] InitializeOnLoad EditMode                                                                                          :        2 samples, Peak.   432 us (1.1x), Avg.   384 us, Total. 768.6 us (0.0%)
[Performance] InitializeOnLoad AssetStoreContext                                                                                 :        2 samples, Peak.  5.10 ms (1.3x), Avg.  3.81 ms, Total. 7.617 ms (0.1%)
[Performance] InitializeOnLoad DrivenRectTransformUndo                                                                           :        2 samples, Peak.   197 us (1.0x), Avg.   193 us, Total. 386.4 us (0.0%)
[Performance] InitializeOnLoad CacheServerWindow                                                                                 :        2 samples, Peak.  10.0 us (1.1x), Avg.  9.20 us, Total. 18.40 us (0.0%)
[Performance] InitializeOnLoad ManagedDebuggerWindow                                                                             :        2 samples, Peak.   725 us (1.0x), Avg.   720 us, Total. 1.440 ms (0.0%)
[Performance] InitializeOnLoad WindowLayout                                                                                      :        2 samples, Peak.  19.8 ms (2.0x), Avg.  10.1 ms, Total. 20.12 ms (0.2%)
[Performance] InitializeOnLoad PrefabInstanceChangedListener                                                                     :        2 samples, Peak.   170 us (1.6x), Avg.   107 us, Total. 214.8 us (0.0%)
[Performance] InitializeOnLoad SettingsService                                                                                   :        2 samples, Peak.  6.80 us (1.1x), Avg.  6.05 us, Total. 12.10 us (0.0%)
[Performance] InitializeOnLoad NativeFormatImporterUtility                                                                       :        2 samples, Peak.  2.30 ms (1.0x), Avg.  2.26 ms, Total. 4.523 ms (0.0%)
[Performance] InitializeOnLoad UISystemProfilerRenderService                                                                     :        2 samples, Peak.  9.60 us (1.1x), Avg.  8.35 us, Total. 16.70 us (0.0%)
[Performance] InitializeOnLoad ShortcutIntegration                                                                               :        2 samples, Peak.  76.6 us (1.0x), Avg.  75.0 us, Total. 150.0 us (0.0%)
[Performance] InitializeOnLoad UnityConnect                                                                                      :        2 samples, Peak.  80.4 us (1.1x), Avg.  73.7 us, Total. 147.3 us (0.0%)
[Performance] InitializeOnLoad ObjectSelectorSearch                                                                              :        2 samples, Peak.   343 us (1.7x), Avg.   198 us, Total. 396.8 us (0.0%)
[Performance] InitializeOnLoad ProjectSearch                                                                                     :        2 samples, Peak.  52.4 us (1.0x), Avg.  52.0 us, Total. 103.9 us (0.0%)
[Performance] InitializeOnLoad SceneSearch                                                                                       :        2 samples, Peak.  45.1 us (1.0x), Avg.  44.0 us, Total. 88.00 us (0.0%)
[Performance] InitializeOnLoad SearchService                                                                                     :        2 samples, Peak.   146 us (1.1x), Avg.   129 us, Total. 257.5 us (0.0%)
[Performance] InitializeOnLoad AddComponentWindow                                                                                :        2 samples, Peak.   129 us (1.1x), Avg.   117 us, Total. 233.4 us (0.0%)
[Performance] InitializeOnLoad Collab                                                                                            :        2 samples, Peak.  4.47 ms (1.1x), Avg.  4.07 ms, Total. 8.133 ms (0.1%)
[Performance] InitializeOnLoad CloudBuild                                                                                        :        2 samples, Peak.  4.30 us (1.1x), Avg.  3.95 us, Total. 7.900 us (0.0%)
[Performance] InitializeOnLoad MixerEffectDefinitionReloader                                                                     :        2 samples, Peak.  2.23 ms (1.2x), Avg.  1.88 ms, Total. 3.759 ms (0.0%)
[Performance] InitializeOnLoad MenuItems                                                                                         :        2 samples, Peak.   106 us (1.1x), Avg.  95.8 us, Total. 191.7 us (0.0%)
[Performance] InitializeOnLoad ManagedDebugger                                                                                   :        2 samples, Peak.  1.00 us (1.1x), Avg.   900 ns, Total. 1.800 us (0.0%)
[Performance] InitializeOnLoad EditorDragAndDrop.RegisterEditorClient                                                            :        2 samples, Peak.  1.05 ms (1.5x), Avg.   684 us, Total. 1.369 ms (0.0%)
[Performance] InitializeOnLoad EditorDelegateRegistration.Initialize                                                             :        2 samples, Peak.   437 us (1.0x), Avg.   420 us, Total. 839.6 us (0.0%)
[Performance] InitializeOnLoad LiveReloadTrackerCreator.Initialize                                                               :        2 samples, Peak.   189 us (1.1x), Avg.   178 us, Total. 356.8 us (0.0%)
[Performance] InitializeOnLoad PackageManagerHookGUIDConverter.RegisterPackagesEventHandler                                      :        2 samples, Peak.   338 us (1.4x), Avg.   234 us, Total. 467.3 us (0.0%)
[Performance] InitializeOnLoad RuntimeEditorDelegateRegistration.Initialize                                                      :        2 samples, Peak.   213 us (1.1x), Avg.   193 us, Total. 385.7 us (0.0%)
[Performance] InitializeOnLoad EditorEventCallbacks.InitializeFontAssetResourceChangeCallBacks                                   :        2 samples, Peak.  1.27 ms (1.2x), Avg.  1.07 ms, Total. 2.131 ms (0.0%)
[Performance] InitializeOnLoad SceneTemplateService.Init                                                                         :        2 samples, Peak.   515 us (1.5x), Avg.   354 us, Total. 707.5 us (0.0%)
[Performance] InitializeOnLoad PackageManagerWindow.EditorInitializedInSafeMode                                                  :        2 samples, Peak.  27.3 ms (2.0x), Avg.  13.7 ms, Total. 27.48 ms (0.3%)
[Performance] InitializeOnLoad EntitlementsErrorChecker.OpenFirstEntitlementError                                                :        2 samples, Peak.  8.39 ms (1.9x), Avg.  4.43 ms, Total. 8.856 ms (0.1%)
[Performance] InitializeOnLoad ScopedRegistryAddedPopup.SubscribeToRegistriesAdded                                               :        2 samples, Peak.   106 us (1.0x), Avg.   102 us, Total. 204.8 us (0.0%)
[Performance] InitializeOnLoad DiagnosticSwitchesConsoleMessage.Init                                                             :        2 samples, Peak.  5.73 ms (1.7x), Avg.  3.45 ms, Total. 6.896 ms (0.1%)
[Performance] InitializeOnLoad SysrootManager.Initialize                                                                         :        2 samples, Peak.   448 us (1.1x), Avg.   425 us, Total. 849.2 us (0.0%)
[Performance] InitializeOnLoad AssetPostprocessingInternal.RefreshCustomDependencies                                             :        2 samples, Peak.  1.15 ms (1.0x), Avg.  1.12 ms, Total. 2.233 ms (0.0%)
[Performance] InitializeOnLoad EditorWindow.Initialize                                                                           :        2 samples, Peak.   242 us (1.1x), Avg.   227 us, Total. 454.2 us (0.0%)
[Performance] InitializeOnLoad SceneVisibilityManager.Initialize                                                                 :        2 samples, Peak.  5.42 ms (1.8x), Avg.  3.09 ms, Total. 6.189 ms (0.1%)
[Performance] InitializeOnLoad MemoryProfilerCompilationGuard.InjectCompileGuard                                                 :        2 samples, Peak.   221 us (1.1x), Avg.   197 us, Total. 394.6 us (0.0%)
[Performance] ProcessService.EditorAfterLoadAllAssemblies                                                                        :        2 samples, Peak.   303 us (1.1x), Avg.   287 us, Total. 573.3 us (0.0%)
[Performance] Application.ReadLicenseInfo                                                                                        :        1 samples, Peak.  12.9 ms (1.0x), Avg.  12.9 ms, Total. 12.90 ms (0.1%)
[Performance] Application.InitialRefresh                                                                                         :        1 samples, Peak.  2.71 s (1.0x), Avg.  2.71 s, Total. 2.708 s (24.9%)
[Performance] Compiling Scripts                                                                                                  :        1 samples, Peak.   471 ms (1.0x), Avg.   471 ms, Total. 470.7 ms (4.3%)
[Performance] InitializeOnLoad NugetHelper                                                                                       :        1 samples, Peak.  85.0 ms (1.0x), Avg.  85.0 ms, Total. 84.99 ms (0.8%)
[Performance] AssetDatabase.Refresh                                                                                              :        1 samples, Peak.  4.10 us (1.0x), Avg.  4.10 us, Total. 4.100 us (0.0%)
[Performance] InitializeOnLoad OnLoadUtilities                                                                                   :        1 samples, Peak.  18.6 ms (1.0x), Avg.  18.6 ms, Total. 18.60 ms (0.2%)
[Performance] InitializeOnLoad ToolbarBootstrap                                                                                  :        1 samples, Peak.   511 us (1.0x), Avg.   511 us, Total. 511.5 us (0.0%)
[Performance] InitializeOnLoad EditorEventListener                                                                               :        1 samples, Peak.   841 us (1.0x), Avg.   841 us, Total. 840.6 us (0.0%)
[Performance] InitializeOnLoad PlasticPlugin                                                                                     :        1 samples, Peak.  60.5 ms (1.0x), Avg.  60.5 ms, Total. 60.49 ms (0.6%)
[Performance] InitializeOnLoad ServiceFacadeEditor                                                                               :        1 samples, Peak.  2.36 ms (1.0x), Avg.  2.36 ms, Total. 2.360 ms (0.0%)
[Performance] InitializeOnLoad RiderScriptEditor                                                                                 :        1 samples, Peak.  8.58 ms (1.0x), Avg.  8.58 ms, Total. 8.577 ms (0.1%)
[Performance] InitializeOnLoad CallbackInitializer                                                                               :        1 samples, Peak.  2.21 ms (1.0x), Avg.  2.21 ms, Total. 2.209 ms (0.0%)
[Performance] InitializeOnLoad MixedRealityEditorSettings                                                                        :        1 samples, Peak.   340 us (1.0x), Avg.   340 us, Total. 340.2 us (0.0%)
[Performance] InitializeOnLoad MixedRealityToolkitFacadeHandler                                                                  :        1 samples, Peak.   537 us (1.0x), Avg.   537 us, Total. 537.2 us (0.0%)
[Performance] InitializeOnLoad PrefabLayoutRebuilder                                                                             :        1 samples, Peak.   253 us (1.0x), Avg.   253 us, Total. 253.1 us (0.0%)
[Performance] InitializeOnLoad EditorProjectUtilities                                                                            :        1 samples, Peak.  76.7 ms (1.0x), Avg.  76.7 ms, Total. 76.73 ms (0.7%)
[Performance] InitializeOnLoad USBDeviceListener                                                                                 :        1 samples, Peak.   350 us (1.0x), Avg.   350 us, Total. 349.6 us (0.0%)
[Performance] InitializeOnLoad RerunCallbackInitializer                                                                          :        1 samples, Peak.  2.10 ms (1.0x), Avg.  2.10 ms, Total. 2.100 ms (0.0%)
[Performance] InitializeOnLoad UnityTestProtocolStarter                                                                          :        1 samples, Peak.   429 us (1.0x), Avg.   429 us, Total. 428.6 us (0.0%)
[Performance] InitializeOnLoad TestStarter                                                                                       :        1 samples, Peak.   818 us (1.0x), Avg.   818 us, Total. 818.3 us (0.0%)
[Performance] InitializeOnLoad BackgroundWatcher                                                                                 :        1 samples, Peak.  74.8 us (1.0x), Avg.  74.8 us, Total. 74.80 us (0.0%)
[Performance] InitializeOnLoad VisualStudioEditor                                                                                :        1 samples, Peak.  9.58 ms (1.0x), Avg.  9.58 ms, Total. 9.581 ms (0.1%)
[Performance] InitializeOnLoad VisualStudioIntegration                                                                           :        1 samples, Peak.  3.67 ms (1.0x), Avg.  3.67 ms, Total. 3.668 ms (0.0%)
[Performance] InitializeOnLoad TestRunnerApiListener                                                                             :        1 samples, Peak.   434 us (1.0x), Avg.   434 us, Total. 434.0 us (0.0%)
[Performance] InitializeOnLoad VSCodeScriptEditor                                                                                :        1 samples, Peak.  3.79 ms (1.0x), Avg.  3.79 ms, Total. 3.787 ms (0.0%)
[Performance] InitializeOnLoad SyncContextUtility.Initialize                                                                     :        1 samples, Peak.   853 us (1.0x), Avg.   853 us, Total. 852.6 us (0.0%)
[Performance] InitializeOnLoad MixedRealityPlayspace.InitializeOnLoad                                                            :        1 samples, Peak.  1.57 ms (1.0x), Avg.  1.57 ms, Total. 1.566 ms (0.0%)
[Performance] InitializeOnLoad MixedRealityProfileUtility.InitializeOnLoad                                                       :        1 samples, Peak.   262 us (1.0x), Avg.   262 us, Total. 262.5 us (0.0%)
[Performance] InitializeOnLoad SceneInfoUtils.InitializeOnLoad                                                                   :        1 samples, Peak.   245 ms (1.0x), Avg.   245 ms, Total. 245.2 ms (2.3%)
[Performance] InitializeOnLoad TestJobDataHolder.ResumeRunningJobs                                                               :        1 samples, Peak.   608 us (1.0x), Avg.   608 us, Total. 607.9 us (0.0%)
[Performance] InitializeOnLoad AnalyticsReporter.RegisterCallbacks                                                               :        1 samples, Peak.   256 us (1.0x), Avg.   256 us, Total. 256.4 us (0.0%)
[Performance] DidReloadScriptsTestListCache.ScriptReloaded                                                                       :        1 samples, Peak.  1.03 ms (1.0x), Avg.  1.03 ms, Total. 1.034 ms (0.0%)
[Performance] DidReloadScriptsTestRunnerWindow.CompilationCallback                                                               :        1 samples, Peak.  1.23 ms (1.0x), Avg.  1.23 ms, Total. 1.231 ms (0.0%)
[Performance] DidReloadScriptsAdvancedDropdownWindow.OnScriptReload                                                              :        1 samples, Peak.   196 us (1.0x), Avg.   196 us, Total. 195.8 us (0.0%)
[Performance] SyncVS.PostprocessSyncProject                                                                                      :        1 samples, Peak.  3.42 ms (1.0x), Avg.  3.42 ms, Total. 3.415 ms (0.0%)
[Performance] Application.ImportPackagesAndSetTemplateWhenCreatingProject                                                        :        1 samples, Peak.  11.8 ms (1.0x), Avg.  11.8 ms, Total. 11.78 ms (0.1%)
[Performance] Application.SyncCurrentColorSpace                                                                                  :        1 samples, Peak.  85.1 ms (1.0x), Avg.  85.1 ms, Total. 85.07 ms (0.8%)
[Performance] Application.OnUsbDevicesChanged                                                                                    :        1 samples, Peak.  44.4 ms (1.0x), Avg.  44.4 ms, Total. 44.41 ms (0.4%)
[Performance] Application.AssetInstanceCacheUpdate                                                                               :        1 samples, Peak.   300 ns (1.0x), Avg.   300 ns, Total. 300.0 ns (0.0%)
[Performance] Application.UnityExtensions.Initialize                                                                             :        1 samples, Peak.   810 us (1.0x), Avg.   810 us, Total. 809.9 us (0.0%)
[Performance] Application.InitializeManagedCompilationPipeline                                                                   :        1 samples, Peak.  1.02 s (1.0x), Avg.  1.02 s, Total. 1.017 s (9.4%)
[Performance] Application.ExecuteStartups                                                                                        :        1 samples, Peak.  98.5 ms (1.0x), Avg.  98.5 ms, Total. 98.49 ms (0.9%)
[Performance] Menu.RegisterMenuInterface                                                                                         :       26 samples, Peak.  1.40 us (8.1x), Avg.   173 ns, Total. 4.500 us (0.0%)
[Performance] Gizmo.RebuildRenderers                                                                                             :        1 samples, Peak.  97.4 ms (1.0x), Avg.  97.4 ms, Total. 97.43 ms (0.9%)
[Performance] Gizmo.AddGizmoRenderers                                                                                            :       93 samples, Peak.  1.12 ms (46.0x), Avg.  24.5 us, Total. 2.275 ms (0.0%)
[Performance] Application.editorInitializingProject                                                                              :        1 samples, Peak.  24.8 us (1.0x), Avg.  24.8 us, Total. 24.80 us (0.0%)
[Performance] Application.InitializeMenu                                                                                         :        1 samples, Peak.  81.3 ms (1.0x), Avg.  81.3 ms, Total. 81.26 ms (0.7%)
[Performance] Menu.RebuildAll                                                                                                    :        1 samples, Peak.  81.2 ms (1.0x), Avg.  81.2 ms, Total. 81.24 ms (0.7%)
[Performance] Menu.BuildRegisteredMenuInterfaces                                                                                 :        1 samples, Peak.  78.6 ms (1.0x), Avg.  78.6 ms, Total. 78.59 ms (0.7%)
[Performance] Menu.FilterMenuItem                                                                                                :      888 samples, Peak.  17.0 ms (853.3x), Avg.  20.0 us, Total. 17.73 ms (0.2%)
[Performance] UpdateAllMenus                                                                                                     :        1 samples, Peak.   515 us (1.0x), Avg.   515 us, Total. 514.7 us (0.0%)
[Performance] Menu.RebuildOSMainMenu                                                                                             :        1 samples, Peak.  2.05 ms (1.0x), Avg.  2.05 ms, Total. 2.046 ms (0.0%)
[Performance] EditorSceneManager.sceneClosing: UnityEditor.SceneVisibilityManager.EditorSceneManagerOnSceneClosing               :        1 samples, Peak.   302 us (1.0x), Avg.   302 us, Total. 302.1 us (0.0%)
[Performance] EditorSceneManager.sceneClosed: Microsoft.MixedReality.Toolkit.MixedRealityPlayspace.EditorSceneManagerSceneClosed :        1 samples, Peak.   186 us (1.0x), Avg.   186 us, Total. 186.4 us (0.0%)
[Performance] EditorSceneManager.activeSceneChangedInEditMode: callback in UnityEditor.Search.SearchMonitor                      :        1 samples, Peak.  99.4 us (1.0x), Avg.  99.4 us, Total. 99.40 us (0.0%)
[Performance] GUIView.RepaintAll.PlayerLoopController                                                                            :        1 samples, Peak.  1.00 us (1.0x), Avg.  1.00 us, Total. 1.000 us (0.0%)
[Performance] EditorSceneManager.newSceneCreated: UnityEditor.SceneVisibilityManager.EditorSceneManagerOnNewSceneCreated         :        1 samples, Peak.   334 us (1.0x), Avg.   334 us, Total. 334.2 us (0.0%)
[Performance] EditorSceneManager.newSceneCreated: UnityEditor.SceneManagement.StageNavigationManager.OnNewSceneCreated           :        1 samples, Peak.  55.0 us (1.0x), Avg.  55.0 us, Total. 55.00 us (0.0%)
[Performance] Application.InvokeFinishedLoadingProject                                                                           :        1 samples, Peak.  90.9 ms (1.0x), Avg.  90.9 ms, Total. 90.85 ms (0.8%)
[Performance] ProcessService.OnProjectLoaded                                                                                     :        1 samples, Peak.  59.6 us (1.0x), Avg.  59.6 us, Total. 59.60 us (0.0%)
[Performance] VersionControl.Task.Wait                                                                                           :        1 samples, Peak.  6.50 us (1.0x), Avg.  6.50 us, Total. 6.500 us (0.0%)
[Performance] FileModificationWarning.OnWillSaveAssets                                                                           :        2 samples, Peak.   521 us (2.0x), Avg.   264 us, Total. 528.1 us (0.0%)
[Performance] AssetModificationProcessor.OnWillSaveAssets                                                                        :        2 samples, Peak.   398 us (2.0x), Avg.   200 us, Total. 399.7 us (0.0%)
[Performance] BuilderAssetModificationProcessor.OnWillSaveAssets                                                                 :        2 samples, Peak.   862 us (2.0x), Avg.   440 us, Total. 880.9 us (0.0%)
[Performance] TerrainModificationProcessor.OnWillSaveAssets                                                                      :        2 samples, Peak.   606 us (2.0x), Avg.   304 us, Total. 608.4 us (0.0%)
[Performance] AssetDatabase.ImportAssets                                                                                         :        2 samples, Peak.   700 ns (2.0x), Avg.   350 ns, Total. 700.0 ns (0.0%)
[Performance] EditorApplication.quitting: UnityEditor.Search.SearchMonitor.OnQuitting                                            :        1 samples, Peak.  1.74 ms (1.0x), Avg.  1.74 ms, Total. 1.737 ms (0.0%)
[Performance] EditorApplication.quitting: callback in UnityEditor.TextCore.Text.EditorEventCallbacks                             :        1 samples, Peak.  10.5 ms (1.0x), Avg.  10.5 ms, Total. 10.45 ms (0.1%)
[Performance] Application.Shutdown.PauseProfilerSession                                                                          :        1 samples, Peak.  26.0 us (1.0x), Avg.  26.0 us, Total. 26.00 us (0.0%)
[Performance] Application.Shutdown.PauseAssetImportWorkers                                                                       :        1 samples, Peak.   451 us (1.0x), Avg.   451 us, Total. 450.8 us (0.0%)
[Performance] Application.Shutdown.SaveAssets                                                                                    :        1 samples, Peak.   482 us (1.0x), Avg.   482 us, Total. 481.7 us (0.0%)
[Performance] Application.Shutdown.CleanupRenderPipeline                                                                         :        1 samples, Peak.  2.00 us (1.0x), Avg.  2.00 us, Total. 2.000 us (0.0%)
[Performance] Application.Shutdown.StopPreloadManager                                                                            :        1 samples, Peak.  9.77 ms (1.0x), Avg.  9.77 ms, Total. 9.774 ms (0.1%)
[Performance] Application.Shutdown.DestroyWorld                                                                                  :        1 samples, Peak.   415 us (1.0x), Avg.   415 us, Total. 415.0 us (0.0%)
[Performance] Application.Shutdown.CleanupAfterLoad                                                                              :        1 samples, Peak.  5.51 ms (1.0x), Avg.  5.51 ms, Total. 5.512 ms (0.1%)
[Performance] Application.Shutdown.Progress                                                                                      :        1 samples, Peak.  4.00 us (1.0x), Avg.  4.00 us, Total. 4.000 us (0.0%)
[Performance] Application.Shutdown.GICleanupManagers                                                                             :        1 samples, Peak.  1.12 ms (1.0x), Avg.  1.12 ms, Total. 1.116 ms (0.0%)
[Performance] Application.Shutdown.MenuCleanupClass                                                                              :        1 samples, Peak.   567 us (1.0x), Avg.   567 us, Total. 567.0 us (0.0%)
[Performance] Application.Shutdown.ADBSaveStateBeforeShutdown                                                                    :        1 samples, Peak.  6.00 us (1.0x), Avg.  6.00 us, Total. 6.000 us (0.0%)
[Performance] Application.Shutdown.RemoteShutdown                                                                                :        1 samples, Peak.   900 ns (1.0x), Avg.   900 ns, Total. 900.0 ns (0.0%)
[Performance] Application.Shutdown.CleanupVCProvider                                                                             :        1 samples, Peak.  22.9 us (1.0x), Avg.  22.9 us, Total. 22.90 us (0.0%)
[Performance] Application.Shutdown.InputShutdown                                                                                 :        1 samples, Peak.   500 ns (1.0x), Avg.   500 ns, Total. 500.0 ns (0.0%)
[Performance] Application.Shutdown.GizmoManagerDestroy                                                                           :        1 samples, Peak.   889 us (1.0x), Avg.   889 us, Total. 888.6 us (0.0%)
[Performance] Application.Shutdown.ProfilerSession                                                                               :        1 samples, Peak.   159 us (1.0x), Avg.   159 us, Total. 159.0 us (0.0%)
[Performance] Application.Shutdown.ReleaseGfxWindowOnAllGUIViews                                                                 :        1 samples, Peak.   300 ns (1.0x), Avg.   300 ns, Total. 300.0 ns (0.0%)
[Performance] Application.Shutdown.CleanupEngine                                                                                 :        1 samples, Peak.  67.6 ms (1.0x), Avg.  67.6 ms, Total. 67.61 ms (0.6%)
[Performance] Application.Shutdown.CleanupAssetDatabase                                                                          :        1 samples, Peak.  3.69 ms (1.0x), Avg.  3.69 ms, Total. 3.688 ms (0.0%)
[Performance] Application.Shutdown.ScriptCompilationCleanUp                                                                      :        1 samples, Peak.  22.7 us (1.0x), Avg.  22.7 us, Total. 22.70 us (0.0%)
[Performance] Application.Shutdown.DestroyJobSystem                                                                              :        1 samples, Peak.  24.0 us (1.0x), Avg.  24.0 us, Total. 24.00 us (0.0%)
[Performance] Application.Shutdown.CleanupPersistentManager                                                                      :        1 samples, Peak.  3.53 ms (1.0x), Avg.  3.53 ms, Total. 3.527 ms (0.0%)
[Performance] Application.Shutdown.CleanupAsyncReadManager                                                                       :        1 samples, Peak.   151 us (1.0x), Avg.   151 us, Total. 151.2 us (0.0%)
[Performance] Application.Shutdown.CleanupProgressBar                                                                            :        1 samples, Peak.   200 ns (1.0x), Avg.   200 ns, Total. 200.0 ns (0.0%)
[Performance] Application.Shutdown.CleanupMono                                                                                   :        1 samples, Peak.  53.7 ms (1.0x), Avg.  53.7 ms, Total. 53.68 ms (0.5%)
[Performance] Application.Shutdown.CleanupStdConverters                                                                          :        1 samples, Peak.  9.20 us (1.0x), Avg.  9.20 us, Total. 9.200 us (0.0%)
[Performance] Application.Shutdown.UnloadAllPlatformSupportModuleNativeDlls                                                      :        1 samples, Peak.   400 ns (1.0x), Avg.   400 ns, Total. 400.0 ns (0.0%)
[Performance] Application.Shutdown.UnloadAllPlatformSupportNativeLibraries                                                       :        1 samples, Peak.   100 ns (1.0x), Avg.   100 ns, Total. 100.0 ns (0.0%)
[Performance] Application.Shutdown.CleanupAutoDocumentation                                                                      :        1 samples, Peak.   458 us (1.0x), Avg.   458 us, Total. 457.5 us (0.0%)
[Performance] Application.Shutdown.ShaderNameManagerDestroy                                                                      :        1 samples, Peak.  46.1 us (1.0x), Avg.  46.1 us, Total. 46.10 us (0.0%)
[Performance] Application.Shutdown.CleanupCacheServer                                                                            :        1 samples, Peak. 100.0 ns (1.0x), Avg. 100.0 ns, Total. 100.00 ns (0.0%)
[Performance] Application.Shutdown.Virtualization_Shutdown                                                                       :        1 samples, Peak.   400 ns (1.0x), Avg.   400 ns, Total. 400.0 ns (0.0%)
[Performance] Application.Shutdown.DevConnections                                                                                :        1 samples, Peak.   109 us (1.0x), Avg.   109 us, Total. 108.9 us (0.0%)
Exiting batchmode successfully now!
Exiting without the bug reporter. Application will terminate with return code 0