[Licensing::Module] Trying to connect to existing licensing client channel...
[Licensing::IpcConnector] Successfully connected to the License Client on channel: "LicenseClient-m.thalhammer"
[Licensing::Client] Handshaking with LicensingClient:
  Version:                 1.12.1+9338cad
  Session Id:              1e15b89ff9794e3ba8c867f90711b7c6
  Correlation Id:          a609710f0298e56b7a28dce2592831bc
  External correlation Id: 5023590644766259278
  Machine Id:              1N9BpTDAWI4eWF7yCjO6TPc7igs=
[Licensing::Module] Successfully connected to LicensingClient on channel: "LicenseClient-m.thalhammer" (connect: 0.00s, validation: 0.01s, handshake: 0.85s)
[Licensing::IpcConnector] Successfully connected to the License Notification on channel: "LicenseClient-m.thalhammer-notifications"
Entitlement-based licensing initiated
[Licensing::Module] Error: Access token is unavailable; failed to update
[Licensing::Client] Error: Code 500 while processing request (status: Unable to update licenses. Errors: Cannot save ULF license file: Unexpected error. Access to the path 'C:\ProgramData\Unity\Unity_lic.ulf' is denied.,No license activation found for this computer.)
[Licensing::Client] Error: Code 500 while updating license in client (status: Unable to update licenses. Errors: Cannot save ULF license file: Unexpected error. Access to the path 'C:\ProgramData\Unity\Unity_lic.ulf' is denied.,No license activation found for this computer.)
Built from '2021.3/staging' branch; Version is '2021.3.26f1 (a16dc32e0ff2) revision 10579395'; Using compiler version '192829333'; Build Type 'Release'
OS: 'Windows 10  (10.0.19045) 64bit Professional' Language: 'de' Physical Memory: 65254 MB
[Licensing::Client] Successfully resolved entitlements
[Licensing::Module] Serial number assigned to: "SC-CCM7-WNA6-VCA6-ENUY-XXXX"
BatchMode: 1, IsHumanControllingUs: 0, StartBugReporterOnCrash: 0, Is64bit: 1, IsPro: 1
[Package Manager] Server::Start -- Port 63127 was selected

COMMAND LINE ARGUMENTS:
C:\Program Files\Unity\Hub\Editor\2021.3.26f1\Editor\Unity.exe
-BatchMode
-Quit
-Wait
-projectPath
E:\Repos\MixedReality-WorldLockingTools-Unity
-exportPackage
Assets\WorldLocking.Tools
E:\Repos\MixedReality-WorldLockingTools-Unity\pipelines\scripts\artifacts\Microsoft.WorldLockingTools.Unity.Tools.unitypackage
-logFile
E:\Repos\MixedReality-WorldLockingTools-Unity\pipelines\scripts\Build-UnityPackage-Tools.log
Successfully changed project path to: E:\Repos\MixedReality-WorldLockingTools-Unity
E:/Repos/MixedReality-WorldLockingTools-Unity
[UnityMemory] Configuration Parameters - Can be set up in boot.config
    "memorysetup-bucket-allocator-granularity=16"
    "memorysetup-bucket-allocator-bucket-count=8"
    "memorysetup-bucket-allocator-block-size=33554432"
    "memorysetup-bucket-allocator-block-count=8"
    "memorysetup-main-allocator-block-size=16777216"
    "memorysetup-thread-allocator-block-size=16777216"
    "memorysetup-gfx-main-allocator-block-size=16777216"
    "memorysetup-gfx-thread-allocator-block-size=16777216"
    "memorysetup-cache-allocator-block-size=4194304"
    "memorysetup-typetree-allocator-block-size=2097152"
    "memorysetup-profiler-bucket-allocator-granularity=16"
    "memorysetup-profiler-bucket-allocator-bucket-count=8"
    "memorysetup-profiler-bucket-allocator-block-size=33554432"
    "memorysetup-profiler-bucket-allocator-block-count=8"
    "memorysetup-profiler-allocator-block-size=16777216"
    "memorysetup-profiler-editor-allocator-block-size=1048576"
    "memorysetup-temp-allocator-size-main=16777216"
    "memorysetup-job-temp-allocator-block-size=2097152"
    "memorysetup-job-temp-allocator-block-size-background=1048576"
    "memorysetup-job-temp-allocator-reduction-small-platforms=262144"
    "memorysetup-temp-allocator-size-background-worker=32768"
    "memorysetup-temp-allocator-size-job-worker=262144"
    "memorysetup-temp-allocator-size-preload-manager=33554432"
    "memorysetup-temp-allocator-size-nav-mesh-worker=65536"
    "memorysetup-temp-allocator-size-audio-worker=65536"
    "memorysetup-temp-allocator-size-cloud-worker=32768"
    "memorysetup-temp-allocator-size-gi-baking-worker=262144"
    "memorysetup-temp-allocator-size-gfx=262144"
Player connection [25240] Host "[IP] 172.21.80.1 [Port] 55498 [Flags] 2 [Guid] 2214210107 [EditorId] 2214210107 [Version] 1048832 [Id] WindowsEditor(7,Thalhammer-NB) [Debug] 1 [PackageName] WindowsEditor [ProjectName] Editor" joined multi-casting on [225.0.0.222:54997]...

Player connection [25240] Host "[IP] 172.21.80.1 [Port] 55498 [Flags] 2 [Guid] 2214210107 [EditorId] 2214210107 [Version] 1048832 [Id] WindowsEditor(7,Thalhammer-NB) [Debug] 1 [PackageName] WindowsEditor [ProjectName] Editor" joined alternative multi-casting on [225.0.0.222:34997]...

[Licensing::Client] Successfully resolved entitlements
[Package Manager] Restoring resolved packages state from cache
[Licensing::Client] Successfully resolved entitlement details
[Package Manager] 
Registered 42 packages:
  Packages from [https://packages.unity.com]:
    com.unity.collab-proxy@2.0.4 (location: E:\Repos\MixedReality-WorldLockingTools-Unity\Library\PackageCache\com.unity.collab-proxy@2.0.4)
    com.unity.ide.rider@3.0.21 (location: E:\Repos\MixedReality-WorldLockingTools-Unity\Library\PackageCache\com.unity.ide.rider@3.0.21)
    com.unity.ide.visualstudio@2.0.18 (location: E:\Repos\MixedReality-WorldLockingTools-Unity\Library\PackageCache\com.unity.ide.visualstudio@2.0.18)
    com.unity.ide.vscode@1.2.5 (location: E:\Repos\MixedReality-WorldLockingTools-Unity\Library\PackageCache\com.unity.ide.vscode@1.2.5)
    com.unity.test-framework@1.1.33 (location: E:\Repos\MixedReality-WorldLockingTools-Unity\Library\PackageCache\com.unity.test-framework@1.1.33)
    com.unity.textmeshpro@3.0.6 (location: E:\Repos\MixedReality-WorldLockingTools-Unity\Library\PackageCache\com.unity.textmeshpro@3.0.6)
    com.unity.timeline@1.6.5 (location: E:\Repos\MixedReality-WorldLockingTools-Unity\Library\PackageCache\com.unity.timeline@1.6.5)
    com.unity.ext.nunit@1.0.6 (location: E:\Repos\MixedReality-WorldLockingTools-Unity\Library\PackageCache\com.unity.ext.nunit@1.0.6)
  Built-in packages:
    com.unity.ugui@1.0.0 (location: E:\Repos\MixedReality-WorldLockingTools-Unity\Library\PackageCache\com.unity.ugui@1.0.0)
    com.unity.modules.ai@1.0.0 (location: E:\Repos\MixedReality-WorldLockingTools-Unity\Library\PackageCache\com.unity.modules.ai@1.0.0)
    com.unity.modules.androidjni@1.0.0 (location: E:\Repos\MixedReality-WorldLockingTools-Unity\Library\PackageCache\com.unity.modules.androidjni@1.0.0)
    com.unity.modules.animation@1.0.0 (location: E:\Repos\MixedReality-WorldLockingTools-Unity\Library\PackageCache\com.unity.modules.animation@1.0.0)
    com.unity.modules.assetbundle@1.0.0 (location: E:\Repos\MixedReality-WorldLockingTools-Unity\Library\PackageCache\com.unity.modules.assetbundle@1.0.0)
    com.unity.modules.audio@1.0.0 (location: E:\Repos\MixedReality-WorldLockingTools-Unity\Library\PackageCache\com.unity.modules.audio@1.0.0)
    com.unity.modules.cloth@1.0.0 (location: E:\Repos\MixedReality-WorldLockingTools-Unity\Library\PackageCache\com.unity.modules.cloth@1.0.0)
    com.unity.modules.director@1.0.0 (location: E:\Repos\MixedReality-WorldLockingTools-Unity\Library\PackageCache\com.unity.modules.director@1.0.0)
    com.unity.modules.imageconversion@1.0.0 (location: E:\Repos\MixedReality-WorldLockingTools-Unity\Library\PackageCache\com.unity.modules.imageconversion@1.0.0)
    com.unity.modules.imgui@1.0.0 (location: E:\Repos\MixedReality-WorldLockingTools-Unity\Library\PackageCache\com.unity.modules.imgui@1.0.0)
    com.unity.modules.jsonserialize@1.0.0 (location: E:\Repos\MixedReality-WorldLockingTools-Unity\Library\PackageCache\com.unity.modules.jsonserialize@1.0.0)
    com.unity.modules.particlesystem@1.0.0 (location: E:\Repos\MixedReality-WorldLockingTools-Unity\Library\PackageCache\com.unity.modules.particlesystem@1.0.0)
    com.unity.modules.physics@1.0.0 (location: E:\Repos\MixedReality-WorldLockingTools-Unity\Library\PackageCache\com.unity.modules.physics@1.0.0)
    com.unity.modules.physics2d@1.0.0 (location: E:\Repos\MixedReality-WorldLockingTools-Unity\Library\PackageCache\com.unity.modules.physics2d@1.0.0)
    com.unity.modules.screencapture@1.0.0 (location: E:\Repos\MixedReality-WorldLockingTools-Unity\Library\PackageCache\com.unity.modules.screencapture@1.0.0)
    com.unity.modules.terrain@1.0.0 (location: E:\Repos\MixedReality-WorldLockingTools-Unity\Library\PackageCache\com.unity.modules.terrain@1.0.0)
    com.unity.modules.terrainphysics@1.0.0 (location: E:\Repos\MixedReality-WorldLockingTools-Unity\Library\PackageCache\com.unity.modules.terrainphysics@1.0.0)
    com.unity.modules.tilemap@1.0.0 (location: E:\Repos\MixedReality-WorldLockingTools-Unity\Library\PackageCache\com.unity.modules.tilemap@1.0.0)
    com.unity.modules.ui@1.0.0 (location: E:\Repos\MixedReality-WorldLockingTools-Unity\Library\PackageCache\com.unity.modules.ui@1.0.0)
    com.unity.modules.uielements@1.0.0 (location: E:\Repos\MixedReality-WorldLockingTools-Unity\Library\PackageCache\com.unity.modules.uielements@1.0.0)
    com.unity.modules.umbra@1.0.0 (location: E:\Repos\MixedReality-WorldLockingTools-Unity\Library\PackageCache\com.unity.modules.umbra@1.0.0)
    com.unity.modules.unityanalytics@1.0.0 (location: E:\Repos\MixedReality-WorldLockingTools-Unity\Library\PackageCache\com.unity.modules.unityanalytics@1.0.0)
    com.unity.modules.unitywebrequest@1.0.0 (location: E:\Repos\MixedReality-WorldLockingTools-Unity\Library\PackageCache\com.unity.modules.unitywebrequest@1.0.0)
    com.unity.modules.unitywebrequestassetbundle@1.0.0 (location: E:\Repos\MixedReality-WorldLockingTools-Unity\Library\PackageCache\com.unity.modules.unitywebrequestassetbundle@1.0.0)
    com.unity.modules.unitywebrequestaudio@1.0.0 (location: E:\Repos\MixedReality-WorldLockingTools-Unity\Library\PackageCache\com.unity.modules.unitywebrequestaudio@1.0.0)
    com.unity.modules.unitywebrequesttexture@1.0.0 (location: E:\Repos\MixedReality-WorldLockingTools-Unity\Library\PackageCache\com.unity.modules.unitywebrequesttexture@1.0.0)
    com.unity.modules.unitywebrequestwww@1.0.0 (location: E:\Repos\MixedReality-WorldLockingTools-Unity\Library\PackageCache\com.unity.modules.unitywebrequestwww@1.0.0)
    com.unity.modules.vehicles@1.0.0 (location: E:\Repos\MixedReality-WorldLockingTools-Unity\Library\PackageCache\com.unity.modules.vehicles@1.0.0)
    com.unity.modules.video@1.0.0 (location: E:\Repos\MixedReality-WorldLockingTools-Unity\Library\PackageCache\com.unity.modules.video@1.0.0)
    com.unity.modules.vr@1.0.0 (location: E:\Repos\MixedReality-WorldLockingTools-Unity\Library\PackageCache\com.unity.modules.vr@1.0.0)
    com.unity.modules.wind@1.0.0 (location: E:\Repos\MixedReality-WorldLockingTools-Unity\Library\PackageCache\com.unity.modules.wind@1.0.0)
    com.unity.modules.xr@1.0.0 (location: E:\Repos\MixedReality-WorldLockingTools-Unity\Library\PackageCache\com.unity.modules.xr@1.0.0)
    com.unity.modules.subsystems@1.0.0 (location: E:\Repos\MixedReality-WorldLockingTools-Unity\Library\PackageCache\com.unity.modules.subsystems@1.0.0)
    com.unity.modules.uielementsnative@1.0.0 (location: E:\Repos\MixedReality-WorldLockingTools-Unity\Library\PackageCache\com.unity.modules.uielementsnative@1.0.0)

[Subsystems] No new subsystems found in resolved package list.
Package Manager log level set to [2]
[Package Manager] Done registering packages in 0.07s seconds
Refreshing native plugins compatible for Editor in 5.96 ms, found 3 plugins.
Preloading 0 native plugins for Editor in 0.00 ms.
Initialize engine version: 2021.3.26f1 (a16dc32e0ff2)
[Subsystems] Discovering subsystems at path C:/Program Files/Unity/Hub/Editor/2021.3.26f1/Editor/Data/Resources/UnitySubsystems
[Subsystems] Discovering subsystems at path E:/Repos/MixedReality-WorldLockingTools-Unity/Assets
GfxDevice: creating device client; threaded=0; jobified=0
Direct3D:
    Version:  Direct3D 11.0 [level 11.1]
    Renderer: NVIDIA Quadro RTX 4000 with Max-Q Design (ID=0x1eb6)
    Vendor:   NVIDIA
    VRAM:     8008 MB
    Driver:   31.0.15.2890
[Licensing::Client] Successfully resolved entitlements
Initialize mono
Mono path[0] = 'C:/Program Files/Unity/Hub/Editor/2021.3.26f1/Editor/Data/Managed'
Mono path[1] = 'C:/Program Files/Unity/Hub/Editor/2021.3.26f1/Editor/Data/MonoBleedingEdge/lib/mono/unityjit-win32'
Mono config path = 'C:/Program Files/Unity/Hub/Editor/2021.3.26f1/Editor/Data/MonoBleedingEdge/etc'
Using monoOptions --debugger-agent=transport=dt_socket,embedding=1,server=y,suspend=n,address=127.0.0.1:56620
Using cacheserver namespaces - metadata:defaultmetadata, artifacts:defaultartifacts
Using cacheserver namespaces - metadata:defaultmetadata, artifacts:defaultartifacts
ImportWorker Server TCP listen port: 0
AcceleratorClientConnectionCallback - disconnected - :0
Begin MonoManager ReloadAssembly
Registering precompiled unity dll's ...
Register platform support module: C:/Program Files/Unity/Hub/Editor/2021.3.26f1/Editor/Data/PlaybackEngines/WindowsStandaloneSupport/UnityEditor.WindowsStandalone.Extensions.dll
[Licensing::Client] Successfully resolved entitlements
Register platform support module: C:/Program Files/Unity/Hub/Editor/2021.3.26f1/Editor/Data/PlaybackEngines/MetroSupport/UnityEditor.UWP.Extensions.dll
Registered in 0.022655 seconds.
Native extension for UWP target not found
Native extension for WindowsStandalone target not found
Refreshing native plugins compatible for Editor in 1.64 ms, found 3 plugins.
Preloading 0 native plugins for Editor in 0.00 ms.
Mono: successfully reloaded assembly
- Completed reload, in  0.602 seconds
Domain Reload Profiling:
	ReloadAssembly (603ms)
		BeginReloadAssembly (89ms)
			ExecutionOrderSort (0ms)
			DisableScriptedObjects (0ms)
			BackupInstance (0ms)
			ReleaseScriptingObjects (0ms)
			CreateAndSetChildDomain (1ms)
		EndReloadAssembly (391ms)
			LoadAssemblies (86ms)
			RebuildTransferFunctionScriptingTraits (0ms)
			SetupTypeCache (102ms)
			ReleaseScriptCaches (0ms)
			RebuildScriptCaches (31ms)
			SetupLoadedEditorAssemblies (203ms)
				LogAssemblyErrors (0ms)
				InitializePlatformSupportModulesInManaged (12ms)
				SetLoadedEditorAssemblies (0ms)
				RefreshPlugins (2ms)
				BeforeProcessingInitializeOnLoad (1ms)
				ProcessInitializeOnLoadAttributes (140ms)
				ProcessInitializeOnLoadMethodAttributes (48ms)
				AfterProcessingInitializeOnLoad (0ms)
				EditorAssembliesLoaded (0ms)
			ExecutionOrderSort2 (0ms)
			AwakeInstancesAfterBackupRestoration (0ms)
Platform modules already initialized, skipping
[Licensing::Client] Successfully resolved entitlements
Application.AssetDatabase Initial Refresh Start
Registering precompiled user dll's ...
Registered in 0.002050 seconds.
Starting: C:\Program Files\Unity\Hub\Editor\2021.3.26f1\Editor\Data\bee_backend.exe --profile="Library/Bee/backend_profiler0.traceevents" --stdin-canary --dagfile="Library/Bee/1900b0aEDbg.dag" --continue-on-failure ScriptAssemblies
WorkingDir: E:/Repos/MixedReality-WorldLockingTools-Unity
ExitCode: 0 Duration: 0s76ms
*** Tundra build success (0.03 seconds), 0 items updated, 573 evaluated
AssetDatabase: script compilation time: 0.476122s
Begin MonoManager ReloadAssembly
Native extension for UWP target not found
Native extension for WindowsStandalone target not found
Refreshing native plugins compatible for Editor in 33.77 ms, found 3 plugins.
Preloading 0 native plugins for Editor in 0.00 ms.
DisplayProgressbar: Restoring NuGet Packages
Unable to locate the shader source folder in the package
UnityEngine.StackTraceUtility:ExtractStackTrace ()
UnityEngine.DebugLogHandler:LogFormat (UnityEngine.LogType,UnityEngine.Object,string,object[])
UnityEngine.Logger:Log (UnityEngine.LogType,object)
UnityEngine.Debug:LogError (object)
Microsoft.MixedReality.Toolkit.Utilities.Editor.OnLoadUtilities:ImportShaderFiles (System.IO.DirectoryInfo) (at Assets/MRTK/StandardAssets/EditorUtilities/OnLoadUtilities.cs:169)
Microsoft.MixedReality.Toolkit.Utilities.Editor.OnLoadUtilities:EnsureShaders (bool) (at Assets/MRTK/StandardAssets/EditorUtilities/OnLoadUtilities.cs:61)
Microsoft.MixedReality.Toolkit.Utilities.Editor.OnLoadUtilities:.cctor () (at Assets/MRTK/StandardAssets/EditorUtilities/OnLoadUtilities.cs:23)
System.Runtime.CompilerServices.RuntimeHelpers:RunClassConstructor (System.RuntimeTypeHandle)
UnityEditor.EditorAssemblies:ProcessInitializeOnLoadAttributes (System.Type[])

(Filename: Assets/MRTK/StandardAssets/EditorUtilities/OnLoadUtilities.cs Line: 169)

Mono: successfully reloaded assembly
- Completed reload, in  1.353 seconds
Domain Reload Profiling:
	ReloadAssembly (1354ms)
		BeginReloadAssembly (130ms)
			ExecutionOrderSort (0ms)
			DisableScriptedObjects (6ms)
			BackupInstance (0ms)
			ReleaseScriptingObjects (0ms)
			CreateAndSetChildDomain (22ms)
		EndReloadAssembly (1132ms)
			LoadAssemblies (86ms)
			RebuildTransferFunctionScriptingTraits (0ms)
			SetupTypeCache (178ms)
			ReleaseScriptCaches (1ms)
			RebuildScriptCaches (65ms)
			SetupLoadedEditorAssemblies (769ms)
				LogAssemblyErrors (0ms)
				InitializePlatformSupportModulesInManaged (7ms)
				SetLoadedEditorAssemblies (0ms)
				RefreshPlugins (34ms)
				BeforeProcessingInitializeOnLoad (73ms)
				ProcessInitializeOnLoadAttributes (358ms)
				ProcessInitializeOnLoadMethodAttributes (284ms)
				AfterProcessingInitializeOnLoad (11ms)
				EditorAssembliesLoaded (0ms)
			ExecutionOrderSort2 (0ms)
			AwakeInstancesAfterBackupRestoration (6ms)
Platform modules already initialized, skipping
Registering precompiled user dll's ...
Registered in 0.002091 seconds.
Asset Pipeline Refresh: Total: 2.750 seconds - Initiated by InitialRefreshV2(ForceSynchronousImport)
	Summary:
		Imports: total=0 (actual=0, local cache=0, cache server=0)
		Asset DB Process Time: managed=0 ms, native=179 ms
		Asset DB Callback time: managed=27 ms, native=0 ms
		Scripting: domain reloads=1, domain reload time=1466 ms, compile time=477 ms, other=599 ms
		Project Asset Count: scripts=3554, non-scripts=1446
		Asset File Changes: new=0, changed=0, moved=0, deleted=0
		Scan Filter Count: 1
	InvokeBeforeRefreshCallbacks: 0.229ms
	ApplyChangesToAssetFolders: 0.042ms
	Scan: 80.403ms
	OnSourceAssetsModified: 0.000ms
	InitializeImportedAssetsSnapshot: 5.390ms
	GetAllGuidsForCategorization: 0.602ms
	CategorizeAssets: 68.286ms
	ImportOutOfDateAssets: 2556.996ms (2078.620ms without children)
		CompileScripts: 476.983ms
		EnsureUptoDateAssetsAreRegisteredWithGuidPM: 0.787ms
		InitializingProgressBar: 0.003ms
		PostProcessAllAssetNotificationsAddChangedAssets: 0.397ms
		OnDemandSchedulerStart: 0.206ms
	ReloadSourceAssets: 0.382ms
	UnloadImportedAssets: 12.054ms
	PostProcessAllAssets: 27.302ms
	GatherAllCurrentPrimaryArtifactRevisions: 0.000ms
	UnloadStreamsBegin: 0.352ms
	LoadedImportedAssetsSnapshotReleaseGCHandles: 1.181ms
	GetLoadedSourceAssetsSnapshot: 0.627ms
	PersistCurrentRevisions: 0.149ms
	UnloadStreamsEnd: 0.017ms
	GenerateScriptTypeHashes: 1.803ms
	Untracked: 23.482ms
Application.AssetDatabase Initial Refresh End
Launched and connected shader compiler UnityShaderCompiler.exe after 0.06 seconds
Scanning for USB devices : 44.882ms
Initializing Unity extensions:
[MODES] ModeService[none].Initialize
[MODES] ModeService[none].LoadModes
[MODES] Loading mode Default (0) for mode-current-id-WorldLockingTools
ProgressiveSceneManager::Cancel()
Unloading 329 Unused Serialized files (Serialized files now loaded: 0)
Unloading 435 unused Assets / (0.7 MB). Loaded Objects now: 3217.
Memory consumption went from 95.2 MB to 94.5 MB.
Total: 3.754000 ms (FindLiveObjects: 0.224900 ms CreateObjectMapping: 0.187600 ms MarkObjects: 2.885900 ms  DeleteObjects: 0.454200 ms)

Export package Assets\WorldLocking.Tools to E:\Repos\MixedReality-WorldLockingTools-Unity\pipelines\scripts\artifacts\Microsoft.WorldLockingTools.Unity.Tools.unitypackage
Batchmode quit successfully invoked - shutting down!
[Licensing::IpcConnector] License Notification channel disconnected successfully.
[Licensing::IpcConnector] License Client channel disconnected successfully.
AcceleratorClientConnectionCallback - disconnected - :0
Cleanup mono
[Performance] WinEditorMain                                                                                                      :        1 samples, Peak.  2.61 s (1.0x), Avg.  2.61 s, Total. 2.612 s (25.5%)
[Performance] WinEditorMain.ConfigureCrashHandler                                                                                :        1 samples, Peak.  17.5 us (1.0x), Avg.  17.5 us, Total. 17.50 us (0.0%)
[Performance] WinEditorMain.CurlRequestInitialize                                                                                :        1 samples, Peak.  1.34 ms (1.0x), Avg.  1.34 ms, Total. 1.345 ms (0.0%)
[Performance] WinEditorMain.SetupLogFile                                                                                         :        1 samples, Peak.   363 us (1.0x), Avg.   363 us, Total. 363.0 us (0.0%)
[Performance] WinEditorMain.RunNativeTestsIfRequiredAndExit                                                                      :        1 samples, Peak.   200 ns (1.0x), Avg.   200 ns, Total. 200.0 ns (0.0%)
[Performance] WinEditorMain.Licensing                                                                                            :        1 samples, Peak.  2.58 s (1.0x), Avg.  2.58 s, Total. 2.577 s (25.2%)
[Performance] WinEditorMain.InitializeCrashHandler                                                                               :        1 samples, Peak.  12.5 ms (1.0x), Avg.  12.5 ms, Total. 12.49 ms (0.1%)
[Performance] WinEditorMain.CreateApplication                                                                                    :        1 samples, Peak.   249 us (1.0x), Avg.   249 us, Total. 248.5 us (0.0%)
[Performance] Application.InitializeProject                                                                                      :        1 samples, Peak.  6.28 s (1.0x), Avg.  6.28 s, Total. 6.279 s (61.3%)
[Performance] Application.PackageManager.StartServer                                                                             :        1 samples, Peak.  15.7 ms (1.0x), Avg.  15.7 ms, Total. 15.72 ms (0.2%)
[Performance] Application.AcquireProjectLock                                                                                     :        1 samples, Peak.  7.67 ms (1.0x), Avg.  7.67 ms, Total. 7.666 ms (0.1%)
[Performance] Application.InitializeEngineNoGraphics                                                                             :        1 samples, Peak.  57.2 ms (1.0x), Avg.  57.2 ms, Total. 57.19 ms (0.6%)
[Performance] Application.PackageManager.Initialize                                                                              :        1 samples, Peak.  1.01 s (1.0x), Avg.  1.01 s, Total. 1.009 s (9.9%)
[Performance] CurlRequestCheck                                                                                                   :       19 samples, Peak.  69.7 us (10.1x), Avg.  6.89 us, Total. 130.9 us (0.0%)
[Performance] Application.EngineGraphics.Initialize                                                                              :        1 samples, Peak.   169 ms (1.0x), Avg.   169 ms, Total. 168.9 ms (1.6%)
[Performance] Application.GI.Initialize                                                                                          :        1 samples, Peak.  2.93 ms (1.0x), Avg.  2.93 ms, Total. 2.934 ms (0.0%)
[Performance] Application.LoadAllDefaultResourcesFromEditor                                                                      :        1 samples, Peak.  2.01 ms (1.0x), Avg.  2.01 ms, Total. 2.011 ms (0.0%)
[Performance] Application.LoadMonoAssemblies                                                                                     :        1 samples, Peak.   615 ms (1.0x), Avg.   615 ms, Total. 615.3 ms (6.0%)
[Performance] RestoreManagedReferences                                                                                           :        2 samples, Peak.  40.8 ms (2.0x), Avg.  20.4 ms, Total. 40.78 ms (0.4%)
[Performance] InitializeOnLoad LayerSettingsWindow                                                                               :        2 samples, Peak.   413 us (1.9x), Avg.   212 us, Total. 423.8 us (0.0%)
[Performance] InitializeOnLoad ParameterControllerEditor                                                                         :        2 samples, Peak.  16.0 us (1.2x), Avg.  13.4 us, Total. 26.80 us (0.0%)
[Performance] InitializeOnLoad ServicesRepository                                                                                :        2 samples, Peak.   695 us (1.1x), Avg.   660 us, Total. 1.320 ms (0.0%)
[Performance] InitializeOnLoad AdsService                                                                                        :        2 samples, Peak.  4.06 ms (1.6x), Avg.  2.48 ms, Total. 4.965 ms (0.0%)
[Performance] InitializeOnLoad AnalyticsService                                                                                  :        2 samples, Peak.   179 us (1.1x), Avg.   162 us, Total. 324.5 us (0.0%)
[Performance] InitializeOnLoad BuildService                                                                                      :        2 samples, Peak.   180 us (1.1x), Avg.   165 us, Total. 329.5 us (0.0%)
[Performance] InitializeOnLoad CloudBuildPoller                                                                                  :        2 samples, Peak.   131 us (1.1x), Avg.   124 us, Total. 248.1 us (0.0%)
[Performance] InitializeOnLoad CollabService                                                                                     :        2 samples, Peak.   198 us (1.1x), Avg.   185 us, Total. 370.9 us (0.0%)
[Performance] InitializeOnLoad CrashService                                                                                      :        2 samples, Peak.   188 us (1.1x), Avg.   167 us, Total. 333.4 us (0.0%)
[Performance] InitializeOnLoad PurchasingService                                                                                 :        2 samples, Peak.  5.88 ms (1.5x), Avg.  3.96 ms, Total. 7.918 ms (0.1%)
[Performance] InitializeOnLoad UDPService                                                                                        :        2 samples, Peak.   166 us (1.1x), Avg.   157 us, Total. 314.2 us (0.0%)
[Performance] InitializeOnLoad UIDocumentHierarchyWatcher                                                                        :        2 samples, Peak.   711 us (1.6x), Avg.   432 us, Total. 864.4 us (0.0%)
[Performance] InitializeOnLoad RetainedMode                                                                                      :        2 samples, Peak.  1.95 ms (1.1x), Avg.  1.79 ms, Total. 3.586 ms (0.0%)
[Performance] InitializeOnLoad EditorMonitor                                                                                     :        2 samples, Peak.   170 us (1.0x), Avg.   168 us, Total. 336.6 us (0.0%)
[Performance] InitializeOnLoad EditorShaderLoader                                                                                :        2 samples, Peak.   841 us (1.0x), Avg.   805 us, Total. 1.611 ms (0.0%)
[Performance] InitializeOnLoad UXMLEditorFactories                                                                               :        2 samples, Peak.  60.8 ms (1.0x), Avg.  59.0 ms, Total. 118.0 ms (1.2%)
[Performance] InitializeOnLoad SearchMonitor                                                                                     :        2 samples, Peak.  24.2 ms (1.5x), Avg.  16.1 ms, Total. 32.26 ms (0.3%)
[Performance] InitializeOnLoad PlayModeDownload                                                                                  :        2 samples, Peak.  2.40 ms (1.9x), Avg.  1.30 ms, Total. 2.591 ms (0.0%)
[Performance] InitializeOnLoad SearchWindow                                                                                      :        2 samples, Peak.   191 us (1.2x), Avg.   162 us, Total. 323.9 us (0.0%)
[Performance] InitializeOnLoad EditMode                                                                                          :        2 samples, Peak.   483 us (1.2x), Avg.   406 us, Total. 811.4 us (0.0%)
[Performance] InitializeOnLoad AssetStoreContext                                                                                 :        2 samples, Peak.  5.20 ms (1.4x), Avg.  3.73 ms, Total. 7.463 ms (0.1%)
[Performance] InitializeOnLoad DrivenRectTransformUndo                                                                           :        2 samples, Peak.   209 us (1.1x), Avg.   195 us, Total. 389.1 us (0.0%)
[Performance] InitializeOnLoad CacheServerWindow                                                                                 :        2 samples, Peak.  10.8 us (1.1x), Avg.  9.45 us, Total. 18.90 us (0.0%)
[Performance] InitializeOnLoad ManagedDebuggerWindow                                                                             :        2 samples, Peak.   746 us (1.1x), Avg.   697 us, Total. 1.394 ms (0.0%)
[Performance] InitializeOnLoad WindowLayout                                                                                      :        2 samples, Peak.  20.3 ms (2.0x), Avg.  10.3 ms, Total. 20.57 ms (0.2%)
[Performance] InitializeOnLoad PrefabInstanceChangedListener                                                                     :        2 samples, Peak.   200 us (1.6x), Avg.   121 us, Total. 242.6 us (0.0%)
[Performance] InitializeOnLoad SettingsService                                                                                   :        2 samples, Peak.  7.70 us (1.2x), Avg.  6.50 us, Total. 13.00 us (0.0%)
[Performance] InitializeOnLoad NativeFormatImporterUtility                                                                       :        2 samples, Peak.  2.24 ms (1.1x), Avg.  1.96 ms, Total. 3.911 ms (0.0%)
[Performance] InitializeOnLoad UISystemProfilerRenderService                                                                     :        2 samples, Peak.  8.60 us (1.1x), Avg.  7.70 us, Total. 15.40 us (0.0%)
[Performance] InitializeOnLoad ShortcutIntegration                                                                               :        2 samples, Peak.  74.0 us (1.1x), Avg.  68.6 us, Total. 137.2 us (0.0%)
[Performance] InitializeOnLoad UnityConnect                                                                                      :        2 samples, Peak.  68.8 us (1.1x), Avg.  64.7 us, Total. 129.4 us (0.0%)
[Performance] InitializeOnLoad ObjectSelectorSearch                                                                              :        2 samples, Peak.   339 us (1.8x), Avg.   189 us, Total. 377.5 us (0.0%)
[Performance] InitializeOnLoad ProjectSearch                                                                                     :        2 samples, Peak.  53.2 us (1.2x), Avg.  44.7 us, Total. 89.40 us (0.0%)
[Performance] InitializeOnLoad SceneSearch                                                                                       :        2 samples, Peak.  44.4 us (1.1x), Avg.  39.8 us, Total. 79.50 us (0.0%)
[Performance] InitializeOnLoad SearchService                                                                                     :        2 samples, Peak.   145 us (1.0x), Avg.   145 us, Total. 289.3 us (0.0%)
[Performance] InitializeOnLoad AddComponentWindow                                                                                :        2 samples, Peak.   146 us (1.2x), Avg.   127 us, Total. 253.2 us (0.0%)
[Performance] InitializeOnLoad Collab                                                                                            :        2 samples, Peak.  4.72 ms (1.1x), Avg.  4.23 ms, Total. 8.455 ms (0.1%)
[Performance] InitializeOnLoad CloudBuild                                                                                        :        2 samples, Peak.  4.90 us (1.2x), Avg.  4.25 us, Total. 8.500 us (0.0%)
[Performance] InitializeOnLoad MixerEffectDefinitionReloader                                                                     :        2 samples, Peak.  2.23 ms (1.2x), Avg.  1.83 ms, Total. 3.669 ms (0.0%)
[Performance] InitializeOnLoad MenuItems                                                                                         :        2 samples, Peak.   112 us (1.1x), Avg.  98.4 us, Total. 196.7 us (0.0%)
[Performance] InitializeOnLoad ManagedDebugger                                                                                   :        2 samples, Peak.  1.10 us (1.2x), Avg.   950 ns, Total. 1.900 us (0.0%)
[Performance] InitializeOnLoad EditorDragAndDrop.RegisterEditorClient                                                            :        2 samples, Peak.  1.07 ms (1.6x), Avg.   682 us, Total. 1.364 ms (0.0%)
[Performance] InitializeOnLoad EditorDelegateRegistration.Initialize                                                             :        2 samples, Peak.   430 us (1.0x), Avg.   429 us, Total. 858.5 us (0.0%)
[Performance] InitializeOnLoad LiveReloadTrackerCreator.Initialize                                                               :        2 samples, Peak.   186 us (1.0x), Avg.   181 us, Total. 362.1 us (0.0%)
[Performance] InitializeOnLoad PackageManagerHookGUIDConverter.RegisterPackagesEventHandler                                      :        2 samples, Peak.   314 us (1.4x), Avg.   225 us, Total. 450.6 us (0.0%)
[Performance] InitializeOnLoad RuntimeEditorDelegateRegistration.Initialize                                                      :        2 samples, Peak.   188 us (1.0x), Avg.   185 us, Total. 371.0 us (0.0%)
[Performance] InitializeOnLoad EditorEventCallbacks.InitializeFontAssetResourceChangeCallBacks                                   :        2 samples, Peak.  1.10 ms (1.1x), Avg.  1.01 ms, Total. 2.029 ms (0.0%)
[Performance] InitializeOnLoad SceneTemplateService.Init                                                                         :        2 samples, Peak.   557 us (1.5x), Avg.   378 us, Total. 755.4 us (0.0%)
[Performance] InitializeOnLoad PackageManagerWindow.EditorInitializedInSafeMode                                                  :        2 samples, Peak.  27.5 ms (2.0x), Avg.  13.8 ms, Total. 27.67 ms (0.3%)
[Performance] InitializeOnLoad EntitlementsErrorChecker.OpenFirstEntitlementError                                                :        2 samples, Peak.  8.56 ms (1.9x), Avg.  4.51 ms, Total. 9.013 ms (0.1%)
[Performance] InitializeOnLoad ScopedRegistryAddedPopup.SubscribeToRegistriesAdded                                               :        2 samples, Peak.   119 us (1.1x), Avg.   112 us, Total. 224.8 us (0.0%)
[Performance] InitializeOnLoad DiagnosticSwitchesConsoleMessage.Init                                                             :        2 samples, Peak.  5.73 ms (1.6x), Avg.  3.48 ms, Total. 6.969 ms (0.1%)
[Performance] InitializeOnLoad SysrootManager.Initialize                                                                         :        2 samples, Peak.   448 us (1.1x), Avg.   422 us, Total. 843.9 us (0.0%)
[Performance] InitializeOnLoad AssetPostprocessingInternal.RefreshCustomDependencies                                             :        2 samples, Peak.  1.16 ms (1.0x), Avg.  1.13 ms, Total. 2.259 ms (0.0%)
[Performance] InitializeOnLoad EditorWindow.Initialize                                                                           :        2 samples, Peak.   245 us (1.0x), Avg.   235 us, Total. 470.0 us (0.0%)
[Performance] InitializeOnLoad SceneVisibilityManager.Initialize                                                                 :        2 samples, Peak.  5.95 ms (1.7x), Avg.  3.41 ms, Total. 6.819 ms (0.1%)
[Performance] InitializeOnLoad MemoryProfilerCompilationGuard.InjectCompileGuard                                                 :        2 samples, Peak.   196 us (1.0x), Avg.   190 us, Total. 380.4 us (0.0%)
[Performance] ProcessService.EditorAfterLoadAllAssemblies                                                                        :        2 samples, Peak.   363 us (1.2x), Avg.   309 us, Total. 618.3 us (0.0%)
[Performance] Application.ReadLicenseInfo                                                                                        :        1 samples, Peak.  12.5 ms (1.0x), Avg.  12.5 ms, Total. 12.54 ms (0.1%)
[Performance] Application.InitialRefresh                                                                                         :        1 samples, Peak.  2.75 s (1.0x), Avg.  2.75 s, Total. 2.752 s (26.9%)
[Performance] Compiling Scripts                                                                                                  :        1 samples, Peak.   476 ms (1.0x), Avg.   476 ms, Total. 476.2 ms (4.7%)
[Performance] InitializeOnLoad NugetHelper                                                                                       :        1 samples, Peak.  84.3 ms (1.0x), Avg.  84.3 ms, Total. 84.35 ms (0.8%)
[Performance] AssetDatabase.Refresh                                                                                              :        1 samples, Peak.  3.30 us (1.0x), Avg.  3.30 us, Total. 3.300 us (0.0%)
[Performance] InitializeOnLoad OnLoadUtilities                                                                                   :        1 samples, Peak.  18.6 ms (1.0x), Avg.  18.6 ms, Total. 18.61 ms (0.2%)
[Performance] InitializeOnLoad ToolbarBootstrap                                                                                  :        1 samples, Peak.   547 us (1.0x), Avg.   547 us, Total. 547.3 us (0.0%)
[Performance] InitializeOnLoad EditorEventListener                                                                               :        1 samples, Peak.   820 us (1.0x), Avg.   820 us, Total. 820.5 us (0.0%)
[Performance] InitializeOnLoad PlasticPlugin                                                                                     :        1 samples, Peak.  54.1 ms (1.0x), Avg.  54.1 ms, Total. 54.11 ms (0.5%)
[Performance] InitializeOnLoad ServiceFacadeEditor                                                                               :        1 samples, Peak.  2.13 ms (1.0x), Avg.  2.13 ms, Total. 2.128 ms (0.0%)
[Performance] InitializeOnLoad RiderScriptEditor                                                                                 :        1 samples, Peak.  7.67 ms (1.0x), Avg.  7.67 ms, Total. 7.668 ms (0.1%)
[Performance] InitializeOnLoad CallbackInitializer                                                                               :        1 samples, Peak.  2.11 ms (1.0x), Avg.  2.11 ms, Total. 2.111 ms (0.0%)
[Performance] InitializeOnLoad MixedRealityEditorSettings                                                                        :        1 samples, Peak.   255 us (1.0x), Avg.   255 us, Total. 254.6 us (0.0%)
[Performance] InitializeOnLoad MixedRealityToolkitFacadeHandler                                                                  :        1 samples, Peak.   503 us (1.0x), Avg.   503 us, Total. 503.3 us (0.0%)
[Performance] InitializeOnLoad PrefabLayoutRebuilder                                                                             :        1 samples, Peak.   230 us (1.0x), Avg.   230 us, Total. 230.3 us (0.0%)
[Performance] InitializeOnLoad EditorProjectUtilities                                                                            :        1 samples, Peak.  77.9 ms (1.0x), Avg.  77.9 ms, Total. 77.88 ms (0.8%)
[Performance] InitializeOnLoad USBDeviceListener                                                                                 :        1 samples, Peak.   383 us (1.0x), Avg.   383 us, Total. 383.0 us (0.0%)
[Performance] InitializeOnLoad RerunCallbackInitializer                                                                          :        1 samples, Peak.  2.35 ms (1.0x), Avg.  2.35 ms, Total. 2.353 ms (0.0%)
[Performance] InitializeOnLoad UnityTestProtocolStarter                                                                          :        1 samples, Peak.   430 us (1.0x), Avg.   430 us, Total. 430.2 us (0.0%)
[Performance] InitializeOnLoad TestStarter                                                                                       :        1 samples, Peak.   775 us (1.0x), Avg.   775 us, Total. 774.9 us (0.0%)
[Performance] InitializeOnLoad BackgroundWatcher                                                                                 :        1 samples, Peak.  77.5 us (1.0x), Avg.  77.5 us, Total. 77.50 us (0.0%)
[Performance] InitializeOnLoad VisualStudioEditor                                                                                :        1 samples, Peak.  7.77 ms (1.0x), Avg.  7.77 ms, Total. 7.768 ms (0.1%)
[Performance] InitializeOnLoad VisualStudioIntegration                                                                           :        1 samples, Peak.  3.32 ms (1.0x), Avg.  3.32 ms, Total. 3.317 ms (0.0%)
[Performance] InitializeOnLoad TestRunnerApiListener                                                                             :        1 samples, Peak.   380 us (1.0x), Avg.   380 us, Total. 380.0 us (0.0%)
[Performance] InitializeOnLoad VSCodeScriptEditor                                                                                :        1 samples, Peak.  3.74 ms (1.0x), Avg.  3.74 ms, Total. 3.735 ms (0.0%)
[Performance] InitializeOnLoad SyncContextUtility.Initialize                                                                     :        1 samples, Peak.   867 us (1.0x), Avg.   867 us, Total. 867.3 us (0.0%)
[Performance] InitializeOnLoad MixedRealityPlayspace.InitializeOnLoad                                                            :        1 samples, Peak.  1.60 ms (1.0x), Avg.  1.60 ms, Total. 1.604 ms (0.0%)
[Performance] InitializeOnLoad MixedRealityProfileUtility.InitializeOnLoad                                                       :        1 samples, Peak.   259 us (1.0x), Avg.   259 us, Total. 259.3 us (0.0%)
[Performance] InitializeOnLoad SceneInfoUtils.InitializeOnLoad                                                                   :        1 samples, Peak.   263 ms (1.0x), Avg.   263 ms, Total. 263.2 ms (2.6%)
[Performance] InitializeOnLoad TestJobDataHolder.ResumeRunningJobs                                                               :        1 samples, Peak.   643 us (1.0x), Avg.   643 us, Total. 642.9 us (0.0%)
[Performance] InitializeOnLoad AnalyticsReporter.RegisterCallbacks                                                               :        1 samples, Peak.   250 us (1.0x), Avg.   250 us, Total. 249.6 us (0.0%)
[Performance] DidReloadScriptsTestListCache.ScriptReloaded                                                                       :        1 samples, Peak.  1.26 ms (1.0x), Avg.  1.26 ms, Total. 1.261 ms (0.0%)
[Performance] DidReloadScriptsTestRunnerWindow.CompilationCallback                                                               :        1 samples, Peak.  1.18 ms (1.0x), Avg.  1.18 ms, Total. 1.180 ms (0.0%)
[Performance] DidReloadScriptsAdvancedDropdownWindow.OnScriptReload                                                              :        1 samples, Peak.   252 us (1.0x), Avg.   252 us, Total. 252.3 us (0.0%)
[Performance] SyncVS.PostprocessSyncProject                                                                                      :        1 samples, Peak.  3.70 ms (1.0x), Avg.  3.70 ms, Total. 3.699 ms (0.0%)
[Performance] Application.ImportPackagesAndSetTemplateWhenCreatingProject                                                        :        1 samples, Peak.  12.6 ms (1.0x), Avg.  12.6 ms, Total. 12.61 ms (0.1%)
[Performance] Application.SyncCurrentColorSpace                                                                                  :        1 samples, Peak.   114 ms (1.0x), Avg.   114 ms, Total. 113.6 ms (1.1%)
[Performance] Application.OnUsbDevicesChanged                                                                                    :        1 samples, Peak.  44.9 ms (1.0x), Avg.  44.9 ms, Total. 44.94 ms (0.4%)
[Performance] Application.AssetInstanceCacheUpdate                                                                               :        1 samples, Peak.   400 ns (1.0x), Avg.   400 ns, Total. 400.0 ns (0.0%)
[Performance] Application.UnityExtensions.Initialize                                                                             :        1 samples, Peak.  1.15 ms (1.0x), Avg.  1.15 ms, Total. 1.146 ms (0.0%)
[Performance] Application.InitializeManagedCompilationPipeline                                                                   :        1 samples, Peak.  1.02 s (1.0x), Avg.  1.02 s, Total. 1.024 s (10.0%)
[Performance] Application.ExecuteStartups                                                                                        :        1 samples, Peak.   113 ms (1.0x), Avg.   113 ms, Total. 112.7 ms (1.1%)
[Performance] Menu.RegisterMenuInterface                                                                                         :       26 samples, Peak.  1.50 us (8.1x), Avg.   185 ns, Total. 4.800 us (0.0%)
[Performance] Gizmo.RebuildRenderers                                                                                             :        1 samples, Peak.   111 ms (1.0x), Avg.   111 ms, Total. 110.9 ms (1.1%)
[Performance] Gizmo.AddGizmoRenderers                                                                                            :       93 samples, Peak.  1.28 ms (48.5x), Avg.  26.4 us, Total. 2.457 ms (0.0%)
[Performance] Application.editorInitializingProject                                                                              :        1 samples, Peak.  32.8 us (1.0x), Avg.  32.8 us, Total. 32.80 us (0.0%)
[Performance] Application.InitializeMenu                                                                                         :        1 samples, Peak.  95.6 ms (1.0x), Avg.  95.6 ms, Total. 95.58 ms (0.9%)
[Performance] Menu.RebuildAll                                                                                                    :        1 samples, Peak.  95.6 ms (1.0x), Avg.  95.6 ms, Total. 95.57 ms (0.9%)
[Performance] Menu.BuildRegisteredMenuInterfaces                                                                                 :        1 samples, Peak.  85.4 ms (1.0x), Avg.  85.4 ms, Total. 85.35 ms (0.8%)
[Performance] Menu.FilterMenuItem                                                                                                :      888 samples, Peak.  18.0 ms (844.7x), Avg.  21.3 us, Total. 18.88 ms (0.2%)
[Performance] UpdateAllMenus                                                                                                     :        1 samples, Peak.   625 us (1.0x), Avg.   625 us, Total. 625.1 us (0.0%)
[Performance] Menu.RebuildOSMainMenu                                                                                             :        1 samples, Peak.  9.49 ms (1.0x), Avg.  9.49 ms, Total. 9.489 ms (0.1%)
[Performance] EditorSceneManager.sceneClosing: UnityEditor.SceneVisibilityManager.EditorSceneManagerOnSceneClosing               :        1 samples, Peak.   336 us (1.0x), Avg.   336 us, Total. 335.5 us (0.0%)
[Performance] EditorSceneManager.sceneClosed: Microsoft.MixedReality.Toolkit.MixedRealityPlayspace.EditorSceneManagerSceneClosed :        1 samples, Peak.   204 us (1.0x), Avg.   204 us, Total. 203.7 us (0.0%)
[Performance] EditorSceneManager.activeSceneChangedInEditMode: callback in UnityEditor.Search.SearchMonitor                      :        1 samples, Peak.  94.2 us (1.0x), Avg.  94.2 us, Total. 94.20 us (0.0%)
[Performance] GUIView.RepaintAll.PlayerLoopController                                                                            :        1 samples, Peak.  1000 ns (1.0x), Avg.  1000 ns, Total. 1000.0 ns (0.0%)
[Performance] EditorSceneManager.newSceneCreated: UnityEditor.SceneVisibilityManager.EditorSceneManagerOnNewSceneCreated         :        1 samples, Peak.   357 us (1.0x), Avg.   357 us, Total. 356.9 us (0.0%)
[Performance] EditorSceneManager.newSceneCreated: UnityEditor.SceneManagement.StageNavigationManager.OnNewSceneCreated           :        1 samples, Peak.  67.8 us (1.0x), Avg.  67.8 us, Total. 67.80 us (0.0%)
[Performance] Application.InvokeFinishedLoadingProject                                                                           :        1 samples, Peak.   103 ms (1.0x), Avg.   103 ms, Total. 102.8 ms (1.0%)
[Performance] ProcessService.OnProjectLoaded                                                                                     :        1 samples, Peak.  50.1 us (1.0x), Avg.  50.1 us, Total. 50.10 us (0.0%)
[Performance] VersionControl.Task.Wait                                                                                           :        1 samples, Peak.  7.80 us (1.0x), Avg.  7.80 us, Total. 7.800 us (0.0%)
[Performance] FileModificationWarning.OnWillSaveAssets                                                                           :        2 samples, Peak.   552 us (2.0x), Avg.   280 us, Total. 559.3 us (0.0%)
[Performance] AssetModificationProcessor.OnWillSaveAssets                                                                        :        2 samples, Peak.   456 us (2.0x), Avg.   229 us, Total. 458.2 us (0.0%)
[Performance] BuilderAssetModificationProcessor.OnWillSaveAssets                                                                 :        2 samples, Peak.   936 us (2.0x), Avg.   478 us, Total. 955.6 us (0.0%)
[Performance] TerrainModificationProcessor.OnWillSaveAssets                                                                      :        2 samples, Peak.   651 us (2.0x), Avg.   327 us, Total. 653.0 us (0.0%)
[Performance] AssetDatabase.ImportAssets                                                                                         :        2 samples, Peak.  1.70 us (2.0x), Avg.   850 ns, Total. 1.700 us (0.0%)
[Performance] EditorApplication.quitting: UnityEditor.Search.SearchMonitor.OnQuitting                                            :        1 samples, Peak.  1.77 ms (1.0x), Avg.  1.77 ms, Total. 1.775 ms (0.0%)
[Performance] EditorApplication.quitting: callback in UnityEditor.TextCore.Text.EditorEventCallbacks                             :        1 samples, Peak.  11.2 ms (1.0x), Avg.  11.2 ms, Total. 11.23 ms (0.1%)
[Performance] Application.Shutdown.PauseProfilerSession                                                                          :        1 samples, Peak.  21.6 us (1.0x), Avg.  21.6 us, Total. 21.60 us (0.0%)
[Performance] Application.Shutdown.PauseAssetImportWorkers                                                                       :        1 samples, Peak.   475 us (1.0x), Avg.   475 us, Total. 474.6 us (0.0%)
[Performance] Application.Shutdown.SaveAssets                                                                                    :        1 samples, Peak.   488 us (1.0x), Avg.   488 us, Total. 487.9 us (0.0%)
[Performance] Application.Shutdown.CleanupRenderPipeline                                                                         :        1 samples, Peak.  2.40 us (1.0x), Avg.  2.40 us, Total. 2.400 us (0.0%)
[Performance] Application.Shutdown.StopPreloadManager                                                                            :        1 samples, Peak.  9.90 ms (1.0x), Avg.  9.90 ms, Total. 9.896 ms (0.1%)
[Performance] Application.Shutdown.DestroyWorld                                                                                  :        1 samples, Peak.   422 us (1.0x), Avg.   422 us, Total. 421.7 us (0.0%)
[Performance] Application.Shutdown.CleanupAfterLoad                                                                              :        1 samples, Peak.  5.22 ms (1.0x), Avg.  5.22 ms, Total. 5.222 ms (0.1%)
[Performance] Application.Shutdown.Progress                                                                                      :        1 samples, Peak.  6.10 us (1.0x), Avg.  6.10 us, Total. 6.100 us (0.0%)
[Performance] Application.Shutdown.GICleanupManagers                                                                             :        1 samples, Peak.   654 us (1.0x), Avg.   654 us, Total. 653.8 us (0.0%)
[Performance] Application.Shutdown.MenuCleanupClass                                                                              :        1 samples, Peak.   357 us (1.0x), Avg.   357 us, Total. 356.7 us (0.0%)
[Performance] Application.Shutdown.ADBSaveStateBeforeShutdown                                                                    :        1 samples, Peak.  6.00 us (1.0x), Avg.  6.00 us, Total. 6.000 us (0.0%)
[Performance] Application.Shutdown.RemoteShutdown                                                                                :        1 samples, Peak.   600 ns (1.0x), Avg.   600 ns, Total. 600.0 ns (0.0%)
[Performance] Application.Shutdown.CleanupVCProvider                                                                             :        1 samples, Peak.  9.20 us (1.0x), Avg.  9.20 us, Total. 9.200 us (0.0%)
[Performance] Application.Shutdown.InputShutdown                                                                                 :        1 samples, Peak.   600 ns (1.0x), Avg.   600 ns, Total. 600.0 ns (0.0%)
[Performance] Application.Shutdown.GizmoManagerDestroy                                                                           :        1 samples, Peak.   670 us (1.0x), Avg.   670 us, Total. 669.9 us (0.0%)
[Performance] Application.Shutdown.ProfilerSession                                                                               :        1 samples, Peak.   166 us (1.0x), Avg.   166 us, Total. 165.9 us (0.0%)
[Performance] Application.Shutdown.ReleaseGfxWindowOnAllGUIViews                                                                 :        1 samples, Peak.   500 ns (1.0x), Avg.   500 ns, Total. 500.0 ns (0.0%)
[Performance] Application.Shutdown.CleanupEngine                                                                                 :        1 samples, Peak.   131 ms (1.0x), Avg.   131 ms, Total. 130.9 ms (1.3%)
[Performance] Application.Shutdown.CleanupAssetDatabase                                                                          :        1 samples, Peak.  4.31 ms (1.0x), Avg.  4.31 ms, Total. 4.310 ms (0.0%)
[Performance] Application.Shutdown.ScriptCompilationCleanUp                                                                      :        1 samples, Peak.  21.1 us (1.0x), Avg.  21.1 us, Total. 21.10 us (0.0%)
[Performance] Application.Shutdown.DestroyJobSystem                                                                              :        1 samples, Peak.  21.7 us (1.0x), Avg.  21.7 us, Total. 21.70 us (0.0%)
[Performance] Application.Shutdown.CleanupPersistentManager                                                                      :        1 samples, Peak.  3.36 ms (1.0x), Avg.  3.36 ms, Total. 3.363 ms (0.0%)
[Performance] Application.Shutdown.CleanupAsyncReadManager                                                                       :        1 samples, Peak.   133 us (1.0x), Avg.   133 us, Total. 132.7 us (0.0%)
[Performance] Application.Shutdown.CleanupProgressBar                                                                            :        1 samples, Peak.   200 ns (1.0x), Avg.   200 ns, Total. 200.0 ns (0.0%)
[Performance] Application.Shutdown.CleanupMono                                                                                   :        1 samples, Peak.  52.8 ms (1.0x), Avg.  52.8 ms, Total. 52.78 ms (0.5%)
[Performance] Application.Shutdown.CleanupStdConverters                                                                          :        1 samples, Peak.  10.1 us (1.0x), Avg.  10.1 us, Total. 10.10 us (0.0%)
[Performance] Application.Shutdown.UnloadAllPlatformSupportModuleNativeDlls                                                      :        1 samples, Peak.   500 ns (1.0x), Avg.   500 ns, Total. 500.0 ns (0.0%)
[Performance] Application.Shutdown.UnloadAllPlatformSupportNativeLibraries                                                       :        1 samples, Peak. 0.0 (-nan(ind)x), Avg. 0.0, Total. 0.0 (0.0%)
[Performance] Application.Shutdown.CleanupAutoDocumentation                                                                      :        1 samples, Peak.   425 us (1.0x), Avg.   425 us, Total. 425.4 us (0.0%)
[Performance] Application.Shutdown.ShaderNameManagerDestroy                                                                      :        1 samples, Peak.  49.7 us (1.0x), Avg.  49.7 us, Total. 49.70 us (0.0%)
[Performance] Application.Shutdown.CleanupCacheServer                                                                            :        1 samples, Peak.   200 ns (1.0x), Avg.   200 ns, Total. 200.0 ns (0.0%)
[Performance] Application.Shutdown.Virtualization_Shutdown                                                                       :        1 samples, Peak.   300 ns (1.0x), Avg.   300 ns, Total. 300.0 ns (0.0%)
[Performance] Application.Shutdown.DevConnections                                                                                :        1 samples, Peak.  86.9 us (1.0x), Avg.  86.9 us, Total. 86.90 us (0.0%)
Exiting batchmode successfully now!
Exiting without the bug reporter. Application will terminate with return code 0