[Licensing::Module] Trying to connect to existing licensing client channel...
[Licensing::IpcConnector] Successfully connected to the License Client on channel: "LicenseClient-m.thalhammer"
[Licensing::Client] Handshaking with LicensingClient:
  Version:                 1.12.1+9338cad
  Session Id:              0f46e278b84243098e99c57d0f5881e5
  Correlation Id:          a609710f0298e56b7a28dce2592831bc
  External correlation Id: 644491522436134306
  Machine Id:              1N9BpTDAWI4eWF7yCjO6TPc7igs=
[Licensing::Module] Successfully connected to LicensingClient on channel: "LicenseClient-m.thalhammer" (connect: 0.00s, validation: 0.01s, handshake: 0.84s)
[Licensing::IpcConnector] Successfully connected to the License Notification on channel: "LicenseClient-m.thalhammer-notifications"
Entitlement-based licensing initiated
[Licensing::Module] Error: Access token is unavailable; failed to update
[Licensing::Client] Error: Code 500 while processing request (status: Unable to update licenses. Errors: Cannot save ULF license file: Unexpected error. Access to the path 'C:\ProgramData\Unity\Unity_lic.ulf' is denied.,No license activation found for this computer.)
[Licensing::Client] Error: Code 500 while updating license in client (status: Unable to update licenses. Errors: Cannot save ULF license file: Unexpected error. Access to the path 'C:\ProgramData\Unity\Unity_lic.ulf' is denied.,No license activation found for this computer.)
Built from '2021.3/staging' branch; Version is '2021.3.26f1 (a16dc32e0ff2) revision 10579395'; Using compiler version '192829333'; Build Type 'Release'
OS: 'Windows 10  (10.0.19045) 64bit Professional' Language: 'de' Physical Memory: 65254 MB
[Licensing::Client] Successfully resolved entitlements
[Licensing::Module] Serial number assigned to: "SC-CCM7-WNA6-VCA6-ENUY-XXXX"
BatchMode: 1, IsHumanControllingUs: 0, StartBugReporterOnCrash: 0, Is64bit: 1, IsPro: 1
[Package Manager] Server::Start -- Port 63136 was selected

COMMAND LINE ARGUMENTS:
C:\Program Files\Unity\Hub\Editor\2021.3.26f1\Editor\Unity.exe
-BatchMode
-Quit
-Wait
-projectPath
E:\Repos\MixedReality-WorldLockingTools-Unity
-exportPackage
Assets\Packages\Microsoft.MixedReality.Unity.FrozenWorld.Engine.1.1.1
E:\Repos\MixedReality-WorldLockingTools-Unity\pipelines\scripts\artifacts\Microsoft.WorldLockingTools.Unity.Packages.unitypackage
-logFile
E:\Repos\MixedReality-WorldLockingTools-Unity\pipelines\scripts\Build-UnityPackage-Packages.log
Successfully changed project path to: E:\Repos\MixedReality-WorldLockingTools-Unity
E:/Repos/MixedReality-WorldLockingTools-Unity
[UnityMemory] Configuration Parameters - Can be set up in boot.config
    "memorysetup-bucket-allocator-granularity=16"
    "memorysetup-bucket-allocator-bucket-count=8"
    "memorysetup-bucket-allocator-block-size=33554432"
    "memorysetup-bucket-allocator-block-count=8"
    "memorysetup-main-allocator-block-size=16777216"
    "memorysetup-thread-allocator-block-size=16777216"
    "memorysetup-gfx-main-allocator-block-size=16777216"
    "memorysetup-gfx-thread-allocator-block-size=16777216"
    "memorysetup-cache-allocator-block-size=4194304"
    "memorysetup-typetree-allocator-block-size=2097152"
    "memorysetup-profiler-bucket-allocator-granularity=16"
    "memorysetup-profiler-bucket-allocator-bucket-count=8"
    "memorysetup-profiler-bucket-allocator-block-size=33554432"
    "memorysetup-profiler-bucket-allocator-block-count=8"
    "memorysetup-profiler-allocator-block-size=16777216"
    "memorysetup-profiler-editor-allocator-block-size=1048576"
    "memorysetup-temp-allocator-size-main=16777216"
    "memorysetup-job-temp-allocator-block-size=2097152"
    "memorysetup-job-temp-allocator-block-size-background=1048576"
    "memorysetup-job-temp-allocator-reduction-small-platforms=262144"
    "memorysetup-temp-allocator-size-background-worker=32768"
    "memorysetup-temp-allocator-size-job-worker=262144"
    "memorysetup-temp-allocator-size-preload-manager=33554432"
    "memorysetup-temp-allocator-size-nav-mesh-worker=65536"
    "memorysetup-temp-allocator-size-audio-worker=65536"
    "memorysetup-temp-allocator-size-cloud-worker=32768"
    "memorysetup-temp-allocator-size-gi-baking-worker=262144"
    "memorysetup-temp-allocator-size-gfx=262144"
Player connection [13424] Host "[IP] 172.21.80.1 [Port] 55498 [Flags] 2 [Guid] 720729217 [EditorId] 720729217 [Version] 1048832 [Id] WindowsEditor(7,Thalhammer-NB) [Debug] 1 [PackageName] WindowsEditor [ProjectName] Editor" joined multi-casting on [225.0.0.222:54997]...

Player connection [13424] Host "[IP] 172.21.80.1 [Port] 55498 [Flags] 2 [Guid] 720729217 [EditorId] 720729217 [Version] 1048832 [Id] WindowsEditor(7,Thalhammer-NB) [Debug] 1 [PackageName] WindowsEditor [ProjectName] Editor" joined alternative multi-casting on [225.0.0.222:34997]...

[Licensing::Client] Successfully resolved entitlements
[Package Manager] Restoring resolved packages state from cache
[Licensing::Client] Successfully resolved entitlement details
[Package Manager] 
Registered 42 packages:
  Packages from [https://packages.unity.com]:
    com.unity.collab-proxy@2.0.4 (location: E:\Repos\MixedReality-WorldLockingTools-Unity\Library\PackageCache\com.unity.collab-proxy@2.0.4)
    com.unity.ide.rider@3.0.21 (location: E:\Repos\MixedReality-WorldLockingTools-Unity\Library\PackageCache\com.unity.ide.rider@3.0.21)
    com.unity.ide.visualstudio@2.0.18 (location: E:\Repos\MixedReality-WorldLockingTools-Unity\Library\PackageCache\com.unity.ide.visualstudio@2.0.18)
    com.unity.ide.vscode@1.2.5 (location: E:\Repos\MixedReality-WorldLockingTools-Unity\Library\PackageCache\com.unity.ide.vscode@1.2.5)
    com.unity.test-framework@1.1.33 (location: E:\Repos\MixedReality-WorldLockingTools-Unity\Library\PackageCache\com.unity.test-framework@1.1.33)
    com.unity.textmeshpro@3.0.6 (location: E:\Repos\MixedReality-WorldLockingTools-Unity\Library\PackageCache\com.unity.textmeshpro@3.0.6)
    com.unity.timeline@1.6.5 (location: E:\Repos\MixedReality-WorldLockingTools-Unity\Library\PackageCache\com.unity.timeline@1.6.5)
    com.unity.ext.nunit@1.0.6 (location: E:\Repos\MixedReality-WorldLockingTools-Unity\Library\PackageCache\com.unity.ext.nunit@1.0.6)
  Built-in packages:
    com.unity.ugui@1.0.0 (location: E:\Repos\MixedReality-WorldLockingTools-Unity\Library\PackageCache\com.unity.ugui@1.0.0)
    com.unity.modules.ai@1.0.0 (location: E:\Repos\MixedReality-WorldLockingTools-Unity\Library\PackageCache\com.unity.modules.ai@1.0.0)
    com.unity.modules.androidjni@1.0.0 (location: E:\Repos\MixedReality-WorldLockingTools-Unity\Library\PackageCache\com.unity.modules.androidjni@1.0.0)
    com.unity.modules.animation@1.0.0 (location: E:\Repos\MixedReality-WorldLockingTools-Unity\Library\PackageCache\com.unity.modules.animation@1.0.0)
    com.unity.modules.assetbundle@1.0.0 (location: E:\Repos\MixedReality-WorldLockingTools-Unity\Library\PackageCache\com.unity.modules.assetbundle@1.0.0)
    com.unity.modules.audio@1.0.0 (location: E:\Repos\MixedReality-WorldLockingTools-Unity\Library\PackageCache\com.unity.modules.audio@1.0.0)
    com.unity.modules.cloth@1.0.0 (location: E:\Repos\MixedReality-WorldLockingTools-Unity\Library\PackageCache\com.unity.modules.cloth@1.0.0)
    com.unity.modules.director@1.0.0 (location: E:\Repos\MixedReality-WorldLockingTools-Unity\Library\PackageCache\com.unity.modules.director@1.0.0)
    com.unity.modules.imageconversion@1.0.0 (location: E:\Repos\MixedReality-WorldLockingTools-Unity\Library\PackageCache\com.unity.modules.imageconversion@1.0.0)
    com.unity.modules.imgui@1.0.0 (location: E:\Repos\MixedReality-WorldLockingTools-Unity\Library\PackageCache\com.unity.modules.imgui@1.0.0)
    com.unity.modules.jsonserialize@1.0.0 (location: E:\Repos\MixedReality-WorldLockingTools-Unity\Library\PackageCache\com.unity.modules.jsonserialize@1.0.0)
    com.unity.modules.particlesystem@1.0.0 (location: E:\Repos\MixedReality-WorldLockingTools-Unity\Library\PackageCache\com.unity.modules.particlesystem@1.0.0)
    com.unity.modules.physics@1.0.0 (location: E:\Repos\MixedReality-WorldLockingTools-Unity\Library\PackageCache\com.unity.modules.physics@1.0.0)
    com.unity.modules.physics2d@1.0.0 (location: E:\Repos\MixedReality-WorldLockingTools-Unity\Library\PackageCache\com.unity.modules.physics2d@1.0.0)
    com.unity.modules.screencapture@1.0.0 (location: E:\Repos\MixedReality-WorldLockingTools-Unity\Library\PackageCache\com.unity.modules.screencapture@1.0.0)
    com.unity.modules.terrain@1.0.0 (location: E:\Repos\MixedReality-WorldLockingTools-Unity\Library\PackageCache\com.unity.modules.terrain@1.0.0)
    com.unity.modules.terrainphysics@1.0.0 (location: E:\Repos\MixedReality-WorldLockingTools-Unity\Library\PackageCache\com.unity.modules.terrainphysics@1.0.0)
    com.unity.modules.tilemap@1.0.0 (location: E:\Repos\MixedReality-WorldLockingTools-Unity\Library\PackageCache\com.unity.modules.tilemap@1.0.0)
    com.unity.modules.ui@1.0.0 (location: E:\Repos\MixedReality-WorldLockingTools-Unity\Library\PackageCache\com.unity.modules.ui@1.0.0)
    com.unity.modules.uielements@1.0.0 (location: E:\Repos\MixedReality-WorldLockingTools-Unity\Library\PackageCache\com.unity.modules.uielements@1.0.0)
    com.unity.modules.umbra@1.0.0 (location: E:\Repos\MixedReality-WorldLockingTools-Unity\Library\PackageCache\com.unity.modules.umbra@1.0.0)
    com.unity.modules.unityanalytics@1.0.0 (location: E:\Repos\MixedReality-WorldLockingTools-Unity\Library\PackageCache\com.unity.modules.unityanalytics@1.0.0)
    com.unity.modules.unitywebrequest@1.0.0 (location: E:\Repos\MixedReality-WorldLockingTools-Unity\Library\PackageCache\com.unity.modules.unitywebrequest@1.0.0)
    com.unity.modules.unitywebrequestassetbundle@1.0.0 (location: E:\Repos\MixedReality-WorldLockingTools-Unity\Library\PackageCache\com.unity.modules.unitywebrequestassetbundle@1.0.0)
    com.unity.modules.unitywebrequestaudio@1.0.0 (location: E:\Repos\MixedReality-WorldLockingTools-Unity\Library\PackageCache\com.unity.modules.unitywebrequestaudio@1.0.0)
    com.unity.modules.unitywebrequesttexture@1.0.0 (location: E:\Repos\MixedReality-WorldLockingTools-Unity\Library\PackageCache\com.unity.modules.unitywebrequesttexture@1.0.0)
    com.unity.modules.unitywebrequestwww@1.0.0 (location: E:\Repos\MixedReality-WorldLockingTools-Unity\Library\PackageCache\com.unity.modules.unitywebrequestwww@1.0.0)
    com.unity.modules.vehicles@1.0.0 (location: E:\Repos\MixedReality-WorldLockingTools-Unity\Library\PackageCache\com.unity.modules.vehicles@1.0.0)
    com.unity.modules.video@1.0.0 (location: E:\Repos\MixedReality-WorldLockingTools-Unity\Library\PackageCache\com.unity.modules.video@1.0.0)
    com.unity.modules.vr@1.0.0 (location: E:\Repos\MixedReality-WorldLockingTools-Unity\Library\PackageCache\com.unity.modules.vr@1.0.0)
    com.unity.modules.wind@1.0.0 (location: E:\Repos\MixedReality-WorldLockingTools-Unity\Library\PackageCache\com.unity.modules.wind@1.0.0)
    com.unity.modules.xr@1.0.0 (location: E:\Repos\MixedReality-WorldLockingTools-Unity\Library\PackageCache\com.unity.modules.xr@1.0.0)
    com.unity.modules.subsystems@1.0.0 (location: E:\Repos\MixedReality-WorldLockingTools-Unity\Library\PackageCache\com.unity.modules.subsystems@1.0.0)
    com.unity.modules.uielementsnative@1.0.0 (location: E:\Repos\MixedReality-WorldLockingTools-Unity\Library\PackageCache\com.unity.modules.uielementsnative@1.0.0)

[Subsystems] No new subsystems found in resolved package list.
Package Manager log level set to [2]
[Package Manager] Done registering packages in 0.07s seconds
Refreshing native plugins compatible for Editor in 5.05 ms, found 3 plugins.
Preloading 0 native plugins for Editor in 0.00 ms.
Initialize engine version: 2021.3.26f1 (a16dc32e0ff2)
[Subsystems] Discovering subsystems at path C:/Program Files/Unity/Hub/Editor/2021.3.26f1/Editor/Data/Resources/UnitySubsystems
[Subsystems] Discovering subsystems at path E:/Repos/MixedReality-WorldLockingTools-Unity/Assets
GfxDevice: creating device client; threaded=0; jobified=0
Direct3D:
    Version:  Direct3D 11.0 [level 11.1]
    Renderer: NVIDIA Quadro RTX 4000 with Max-Q Design (ID=0x1eb6)
    Vendor:   NVIDIA
    VRAM:     8008 MB
    Driver:   31.0.15.2890
[Licensing::Client] Successfully resolved entitlements
Initialize mono
Mono path[0] = 'C:/Program Files/Unity/Hub/Editor/2021.3.26f1/Editor/Data/Managed'
Mono path[1] = 'C:/Program Files/Unity/Hub/Editor/2021.3.26f1/Editor/Data/MonoBleedingEdge/lib/mono/unityjit-win32'
Mono config path = 'C:/Program Files/Unity/Hub/Editor/2021.3.26f1/Editor/Data/MonoBleedingEdge/etc'
Using monoOptions --debugger-agent=transport=dt_socket,embedding=1,server=y,suspend=n,address=127.0.0.1:56344
Using cacheserver namespaces - metadata:defaultmetadata, artifacts:defaultartifacts
Using cacheserver namespaces - metadata:defaultmetadata, artifacts:defaultartifacts
ImportWorker Server TCP listen port: 0
AcceleratorClientConnectionCallback - disconnected - :0
Begin MonoManager ReloadAssembly
Registering precompiled unity dll's ...
Register platform support module: C:/Program Files/Unity/Hub/Editor/2021.3.26f1/Editor/Data/PlaybackEngines/WindowsStandaloneSupport/UnityEditor.WindowsStandalone.Extensions.dll
[Licensing::Client] Successfully resolved entitlements
Register platform support module: C:/Program Files/Unity/Hub/Editor/2021.3.26f1/Editor/Data/PlaybackEngines/MetroSupport/UnityEditor.UWP.Extensions.dll
Registered in 0.021759 seconds.
Native extension for UWP target not found
Native extension for WindowsStandalone target not found
Refreshing native plugins compatible for Editor in 1.62 ms, found 3 plugins.
Preloading 0 native plugins for Editor in 0.00 ms.
Mono: successfully reloaded assembly
- Completed reload, in  0.578 seconds
Domain Reload Profiling:
	ReloadAssembly (579ms)
		BeginReloadAssembly (82ms)
			ExecutionOrderSort (0ms)
			DisableScriptedObjects (0ms)
			BackupInstance (0ms)
			ReleaseScriptingObjects (0ms)
			CreateAndSetChildDomain (1ms)
		EndReloadAssembly (383ms)
			LoadAssemblies (80ms)
			RebuildTransferFunctionScriptingTraits (0ms)
			SetupTypeCache (101ms)
			ReleaseScriptCaches (0ms)
			RebuildScriptCaches (29ms)
			SetupLoadedEditorAssemblies (202ms)
				LogAssemblyErrors (0ms)
				InitializePlatformSupportModulesInManaged (11ms)
				SetLoadedEditorAssemblies (0ms)
				RefreshPlugins (2ms)
				BeforeProcessingInitializeOnLoad (1ms)
				ProcessInitializeOnLoadAttributes (138ms)
				ProcessInitializeOnLoadMethodAttributes (49ms)
				AfterProcessingInitializeOnLoad (0ms)
				EditorAssembliesLoaded (0ms)
			ExecutionOrderSort2 (0ms)
			AwakeInstancesAfterBackupRestoration (0ms)
Platform modules already initialized, skipping
[Licensing::Client] Successfully resolved entitlements
Application.AssetDatabase Initial Refresh Start
Registering precompiled user dll's ...
Registered in 0.002217 seconds.
Starting: C:\Program Files\Unity\Hub\Editor\2021.3.26f1\Editor\Data\bee_backend.exe --profile="Library/Bee/backend_profiler0.traceevents" --stdin-canary --dagfile="Library/Bee/1900b0aEDbg.dag" --continue-on-failure ScriptAssemblies
WorkingDir: E:/Repos/MixedReality-WorldLockingTools-Unity
ExitCode: 0 Duration: 0s72ms
*** Tundra build success (0.03 seconds), 0 items updated, 573 evaluated
AssetDatabase: script compilation time: 0.471159s
Begin MonoManager ReloadAssembly
Native extension for UWP target not found
Native extension for WindowsStandalone target not found
Refreshing native plugins compatible for Editor in 37.47 ms, found 3 plugins.
Preloading 0 native plugins for Editor in 0.00 ms.
DisplayProgressbar: Restoring NuGet Packages
Unable to locate the shader source folder in the package
UnityEngine.StackTraceUtility:ExtractStackTrace ()
UnityEngine.DebugLogHandler:LogFormat (UnityEngine.LogType,UnityEngine.Object,string,object[])
UnityEngine.Logger:Log (UnityEngine.LogType,object)
UnityEngine.Debug:LogError (object)
Microsoft.MixedReality.Toolkit.Utilities.Editor.OnLoadUtilities:ImportShaderFiles (System.IO.DirectoryInfo) (at Assets/MRTK/StandardAssets/EditorUtilities/OnLoadUtilities.cs:169)
Microsoft.MixedReality.Toolkit.Utilities.Editor.OnLoadUtilities:EnsureShaders (bool) (at Assets/MRTK/StandardAssets/EditorUtilities/OnLoadUtilities.cs:61)
Microsoft.MixedReality.Toolkit.Utilities.Editor.OnLoadUtilities:.cctor () (at Assets/MRTK/StandardAssets/EditorUtilities/OnLoadUtilities.cs:23)
System.Runtime.CompilerServices.RuntimeHelpers:RunClassConstructor (System.RuntimeTypeHandle)
UnityEditor.EditorAssemblies:ProcessInitializeOnLoadAttributes (System.Type[])

(Filename: Assets/MRTK/StandardAssets/EditorUtilities/OnLoadUtilities.cs Line: 169)

Mono: successfully reloaded assembly
- Completed reload, in  1.344 seconds
Domain Reload Profiling:
	ReloadAssembly (1345ms)
		BeginReloadAssembly (132ms)
			ExecutionOrderSort (0ms)
			DisableScriptedObjects (6ms)
			BackupInstance (0ms)
			ReleaseScriptingObjects (0ms)
			CreateAndSetChildDomain (22ms)
		EndReloadAssembly (1119ms)
			LoadAssemblies (86ms)
			RebuildTransferFunctionScriptingTraits (0ms)
			SetupTypeCache (186ms)
			ReleaseScriptCaches (0ms)
			RebuildScriptCaches (58ms)
			SetupLoadedEditorAssemblies (757ms)
				LogAssemblyErrors (0ms)
				InitializePlatformSupportModulesInManaged (7ms)
				SetLoadedEditorAssemblies (0ms)
				RefreshPlugins (38ms)
				BeforeProcessingInitializeOnLoad (78ms)
				ProcessInitializeOnLoadAttributes (358ms)
				ProcessInitializeOnLoadMethodAttributes (265ms)
				AfterProcessingInitializeOnLoad (10ms)
				EditorAssembliesLoaded (0ms)
			ExecutionOrderSort2 (0ms)
			AwakeInstancesAfterBackupRestoration (6ms)
Platform modules already initialized, skipping
Registering precompiled user dll's ...
Registered in 0.002089 seconds.
Asset Pipeline Refresh: Total: 2.719 seconds - Initiated by InitialRefreshV2(ForceSynchronousImport)
	Summary:
		Imports: total=0 (actual=0, local cache=0, cache server=0)
		Asset DB Process Time: managed=0 ms, native=174 ms
		Asset DB Callback time: managed=28 ms, native=0 ms
		Scripting: domain reloads=1, domain reload time=1466 ms, compile time=472 ms, other=577 ms
		Project Asset Count: scripts=3554, non-scripts=1446
		Asset File Changes: new=0, changed=0, moved=0, deleted=0
		Scan Filter Count: 1
	InvokeBeforeRefreshCallbacks: 0.211ms
	ApplyChangesToAssetFolders: 0.044ms
	Scan: 76.642ms
	OnSourceAssetsModified: 0.000ms
	InitializeImportedAssetsSnapshot: 4.907ms
	GetAllGuidsForCategorization: 0.438ms
	CategorizeAssets: 67.144ms
	ImportOutOfDateAssets: 2530.336ms (2056.705ms without children)
		CompileScripts: 472.087ms
		EnsureUptoDateAssetsAreRegisteredWithGuidPM: 0.746ms
		InitializingProgressBar: 0.004ms
		PostProcessAllAssetNotificationsAddChangedAssets: 0.387ms
		OnDemandSchedulerStart: 0.408ms
	ReloadSourceAssets: 0.400ms
	UnloadImportedAssets: 12.006ms
	PostProcessAllAssets: 28.901ms
	GatherAllCurrentPrimaryArtifactRevisions: 0.000ms
	UnloadStreamsBegin: 0.342ms
	LoadedImportedAssetsSnapshotReleaseGCHandles: 0.991ms
	GetLoadedSourceAssetsSnapshot: 0.531ms
	PersistCurrentRevisions: 0.141ms
	UnloadStreamsEnd: 0.018ms
	GenerateScriptTypeHashes: 1.681ms
	Untracked: 25.069ms
Application.AssetDatabase Initial Refresh End
Launched and connected shader compiler UnityShaderCompiler.exe after 0.04 seconds
Scanning for USB devices : 44.845ms
Initializing Unity extensions:
[MODES] ModeService[none].Initialize
[MODES] ModeService[none].LoadModes
[MODES] Loading mode Default (0) for mode-current-id-WorldLockingTools
ProgressiveSceneManager::Cancel()
Unloading 329 Unused Serialized files (Serialized files now loaded: 0)
Unloading 435 unused Assets / (0.7 MB). Loaded Objects now: 3217.
Memory consumption went from 95.2 MB to 94.5 MB.
Total: 4.377600 ms (FindLiveObjects: 0.229400 ms CreateObjectMapping: 0.161000 ms MarkObjects: 3.545600 ms  DeleteObjects: 0.440700 ms)

Export package Assets\Packages\Microsoft.MixedReality.Unity.FrozenWorld.Engine.1.1.1 to E:\Repos\MixedReality-WorldLockingTools-Unity\pipelines\scripts\artifacts\Microsoft.WorldLockingTools.Unity.Packages.unitypackage
Starting new worker id: 0 with log in E:/Repos/MixedReality-WorldLockingTools-Unity/Logs/AssetImportWorker0.log
Starting new worker id: 1 with log in E:/Repos/MixedReality-WorldLockingTools-Unity/Logs/AssetImportWorker1.log
Worker ready: AssetImportWorker1 1
Worker ready: AssetImportWorker0 0
[Worker1] Start importing Assets/Packages/Microsoft.MixedReality.Unity.FrozenWorld.Engine.1.1.1/lib using Guid(9c810892d3bed8d479bf8bd8c5361d6b) Importer(815301076,1909f56bfc062723c751e8b465ee728b) 
[Worker1]  -> (artifact id: '15ca5a5d2073d808699376c72ff1a362') in 0.007559 seconds 
[Worker0] Start importing Assets/Packages/Microsoft.MixedReality.Unity.FrozenWorld.Engine.1.1.1/lib/unity/Windows-UWP-x86/FrozenWorldPlugin.dll using Guid(415710e4cdc80f440b5733aa594b3078) Importer(815301076,1909f56bfc062723c751e8b465ee728b) 
[Worker0]  -> (artifact id: '9ce532217ef26455134b485bf38d6e58') in 0.027491 seconds 
[Worker0] Start importing Assets/Packages/Microsoft.MixedReality.Unity.FrozenWorld.Engine.1.1.1/lib/unity/Windows-x64 using Guid(eef9359c52c516a469dd6ab3e5370727) Importer(815301076,1909f56bfc062723c751e8b465ee728b) 
[Worker0]  -> (artifact id: '58eb1c48b6c23b71dc6326e83e8247ba') in 0.000770 seconds 
[Worker0] Start importing Assets/Packages/Microsoft.MixedReality.Unity.FrozenWorld.Engine.1.1.1/lib/unity/Windows-UWP-ARM64/FrozenWorldPlugin.dll using Guid(43a163c219283ac4c9bc9d1c0b011b9a) Importer(815301076,1909f56bfc062723c751e8b465ee728b) 
[Worker0]  -> (artifact id: '243f210e9573e1ee3e58a0e149ea87e9') in 0.000908 seconds 
[Worker0] Start importing Assets/Packages/Microsoft.MixedReality.Unity.FrozenWorld.Engine.1.1.1/lib/unity/Windows-x64/FrozenWorldPlugin.dll using Guid(3ce75ec9db4bf40469da19da68d2b9d9) Importer(815301076,1909f56bfc062723c751e8b465ee728b) 
[Worker0]  -> (artifact id: 'bf12ea05cf222c6a9e62f243b1f439b7') in 0.000723 seconds 
[Worker0] Start importing Assets/Packages/Microsoft.MixedReality.Unity.FrozenWorld.Engine.1.1.1/lib/unity/Android-ARM32/libFrozenWorldPlugin.so using Guid(a41d582e5c05a0b42bc2d5eabfbd1bb5) Importer(815301076,1909f56bfc062723c751e8b465ee728b) 
[Worker0]  -> (artifact id: '1d8a4ec4acbca237d1467bd914248b57') in 0.011780 seconds 
[Worker0] Start importing Assets/Packages/Microsoft.MixedReality.Unity.FrozenWorld.Engine.1.1.1/lib/unity/Android-ARM64 using Guid(b31b7d6b895c2b346930660bddb641e7) Importer(815301076,1909f56bfc062723c751e8b465ee728b) 
[Worker0]  -> (artifact id: '754bea299a369d90b3a63a22368a56d0') in 0.000677 seconds 
[Worker0] Start importing Assets/Packages/Microsoft.MixedReality.Unity.FrozenWorld.Engine.1.1.1/LICENSE.md using Guid(a0e210f235471ba42be37d129cdfe148) Importer(815301076,1909f56bfc062723c751e8b465ee728b) 
[Worker0]  -> (artifact id: '74153c707db96bee5f4c649f9f4e8332') in 0.004233 seconds 
[Worker0] Start importing Assets/Packages/Microsoft.MixedReality.Unity.FrozenWorld.Engine.1.1.1/lib/unity/Android-ARM32 using Guid(b921058582aab13459847a90ec367b08) Importer(815301076,1909f56bfc062723c751e8b465ee728b) 
[Worker0]  -> (artifact id: '50eee99a51279493e9a2cc2fbfafcc84') in 0.000760 seconds 
[Worker0] Start importing Assets/Packages/Microsoft.MixedReality.Unity.FrozenWorld.Engine.1.1.1/lib/unity/Windows-UWP-ARM32 using Guid(6eb6a1df48e94be47b5d7f43617c350f) Importer(815301076,1909f56bfc062723c751e8b465ee728b) 
[Worker0]  -> (artifact id: '41dad949712e6259abf063fc1007069e') in 0.000736 seconds 
[Worker0] Start importing Assets/Packages/Microsoft.MixedReality.Unity.FrozenWorld.Engine.1.1.1/lib/unity/Windows-UWP-x86 using Guid(dfbe6c28c266c554481df24703588d28) Importer(815301076,1909f56bfc062723c751e8b465ee728b) 
[Worker0]  -> (artifact id: 'cd2529514b53fc749eeaf80ea1328792') in 0.000736 seconds 
[Worker0] Start importing Assets/Packages/Microsoft.MixedReality.Unity.FrozenWorld.Engine.1.1.1/lib/unity/iOS-ARM64/FrozenWorldPlugin.framework using Guid(686107cd789b63f40ae917deb327ce74) Importer(815301076,1909f56bfc062723c751e8b465ee728b) 
[Worker0]  -> (artifact id: '6092fed8e714b11f437c21e47cf70102') in 0.001075 seconds 
[Worker0] Start importing Assets/Packages/Microsoft.MixedReality.Unity.FrozenWorld.Engine.1.1.1/FrozenWorldEngine.cs using Guid(68a72437829664545863ad514448d2a1) Importer(815301076,1909f56bfc062723c751e8b465ee728b) 
[Worker0]  -> (artifact id: 'da6e6bc0ba69933d0963ed1014fca926') in 0.003933 seconds 
[Worker0] Start importing Assets/Packages/Microsoft.MixedReality.Unity.FrozenWorld.Engine.1.1.1 using Guid(f3d5044aabe32cc48b46220beea4bc27) Importer(815301076,1909f56bfc062723c751e8b465ee728b) 
[Worker0]  -> (artifact id: '32b1561274b448680edf41be9ba5ac54') in 0.000752 seconds 
[Worker0] Start importing Assets/Packages/Microsoft.MixedReality.Unity.FrozenWorld.Engine.1.1.1/lib/unity/iOS-ARM64 using Guid(a4ac9457f0d85ef4db64daedced54362) Importer(815301076,1909f56bfc062723c751e8b465ee728b) 
[Worker0]  -> (artifact id: 'edbd8843be0a28f46131f856771d182b') in 0.000755 seconds 
[Worker0] Start importing Assets/Packages/Microsoft.MixedReality.Unity.FrozenWorld.Engine.1.1.1/Microsoft.MixedReality.Unity.FrozenWorld.Engine.asmdef using Guid(9cd2f1a2fdbe8564e83cde3db9006749) Importer(815301076,1909f56bfc062723c751e8b465ee728b) 
[Worker0]  -> (artifact id: '13f878df04593561142fe72e7fce0c16') in 0.001822 seconds 
[Worker0] Start importing Assets/Packages/Microsoft.MixedReality.Unity.FrozenWorld.Engine.1.1.1/lib/unity/Windows-UWP-ARM32/FrozenWorldPlugin.dll using Guid(432ffe39a1c3dcc40ac0c6f5f94898c0) Importer(815301076,1909f56bfc062723c751e8b465ee728b) 
[Worker0]  -> (artifact id: '1051b0dc0efe512adccd1609802ac183') in 0.000857 seconds 
[Worker0] Start importing Assets/Packages/Microsoft.MixedReality.Unity.FrozenWorld.Engine.1.1.1/lib/unity using Guid(2e78a3c1db548e94cb092cf4249efb3e) Importer(815301076,1909f56bfc062723c751e8b465ee728b) 
[Worker0]  -> (artifact id: '5a542221fcb5ef393285d78e3114ed32') in 0.000682 seconds 
[Worker0] Start importing Assets/Packages/Microsoft.MixedReality.Unity.FrozenWorld.Engine.1.1.1/lib/unity/Android-ARM64/libFrozenWorldPlugin.so using Guid(99c476b0a0ca68648a6847e9a49f5b89) Importer(815301076,1909f56bfc062723c751e8b465ee728b) 
[Worker0]  -> (artifact id: '7c34afa98e322f2d8417e32bbf0481e7') in 0.001200 seconds 
[Worker0] Start importing Assets/Packages/Microsoft.MixedReality.Unity.FrozenWorld.Engine.1.1.1/CodeSignSummary-f7c29a86-f9a4-4811-8626-79942b3271e0.md using Guid(2f0fec60744464349bfc37928e5f7e1a) Importer(815301076,1909f56bfc062723c751e8b465ee728b) 
[Worker0]  -> (artifact id: 'ac24b3012809ee8207bced4fef03344c') in 0.001207 seconds 
[Worker0] Start importing Assets/Packages/Microsoft.MixedReality.Unity.FrozenWorld.Engine.1.1.1/lib/unity/Windows-UWP-ARM64 using Guid(abe0ded079e34fb4bbed03f53b96e0f4) Importer(815301076,1909f56bfc062723c751e8b465ee728b) 
[Worker0]  -> (artifact id: '66d49ae4a0d9d07c0b0eba98d2dab856') in 0.000734 seconds 
[Worker0] Start importing Assets/Packages/Microsoft.MixedReality.Unity.FrozenWorld.Engine.1.1.1/Microsoft.MixedReality.Unity.FrozenWorld.Engine.1.1.1.nupkg using Guid(672aa81c2eb3ff34a9ce8782f71276c7) Importer(815301076,1909f56bfc062723c751e8b465ee728b) 
[Worker0]  -> (artifact id: 'c49f9e7a35b3ef610876d511608f3ca9') in 0.002381 seconds 
Batchmode quit successfully invoked - shutting down!
[Licensing::IpcConnector] License Notification channel disconnected successfully.
[Licensing::IpcConnector] License Client channel disconnected successfully.
AcceleratorClientConnectionCallback - disconnected - :0
Cleanup mono
[Performance] WinEditorMain                                                                                                      :        1 samples, Peak.  2.48 s (1.0x), Avg.  2.48 s, Total. 2.481 s (14.4%)
[Performance] WinEditorMain.ConfigureCrashHandler                                                                                :        1 samples, Peak.  19.4 us (1.0x), Avg.  19.4 us, Total. 19.40 us (0.0%)
[Performance] WinEditorMain.CurlRequestInitialize                                                                                :        1 samples, Peak.  1.56 ms (1.0x), Avg.  1.56 ms, Total. 1.560 ms (0.0%)
[Performance] WinEditorMain.SetupLogFile                                                                                         :        1 samples, Peak.   202 us (1.0x), Avg.   202 us, Total. 202.3 us (0.0%)
[Performance] WinEditorMain.RunNativeTestsIfRequiredAndExit                                                                      :        1 samples, Peak.   100 ns (1.0x), Avg.   100 ns, Total. 100.0 ns (0.0%)
[Performance] WinEditorMain.Licensing                                                                                            :        1 samples, Peak.  2.45 s (1.0x), Avg.  2.45 s, Total. 2.452 s (14.2%)
[Performance] WinEditorMain.InitializeCrashHandler                                                                               :        1 samples, Peak.  12.0 ms (1.0x), Avg.  12.0 ms, Total. 12.03 ms (0.1%)
[Performance] WinEditorMain.CreateApplication                                                                                    :        1 samples, Peak.   239 us (1.0x), Avg.   239 us, Total. 238.9 us (0.0%)
[Performance] Application.InitializeProject                                                                                      :        1 samples, Peak.  6.11 s (1.0x), Avg.  6.11 s, Total. 6.112 s (35.5%)
[Performance] Application.PackageManager.StartServer                                                                             :        1 samples, Peak.  12.3 ms (1.0x), Avg.  12.3 ms, Total. 12.34 ms (0.1%)
[Performance] Application.AcquireProjectLock                                                                                     :        1 samples, Peak.  6.94 ms (1.0x), Avg.  6.94 ms, Total. 6.941 ms (0.0%)
[Performance] Application.InitializeEngineNoGraphics                                                                             :        1 samples, Peak.  54.0 ms (1.0x), Avg.  54.0 ms, Total. 53.99 ms (0.3%)
[Performance] Application.PackageManager.Initialize                                                                              :        1 samples, Peak.  1.00 s (1.0x), Avg.  1.00 s, Total. 1.001 s (5.8%)
[Performance] CurlRequestCheck                                                                                                   :       19 samples, Peak.  44.6 us (7.6x), Avg.  5.86 us, Total. 111.4 us (0.0%)
[Performance] Application.EngineGraphics.Initialize                                                                              :        1 samples, Peak.   164 ms (1.0x), Avg.   164 ms, Total. 164.0 ms (1.0%)
[Performance] Application.GI.Initialize                                                                                          :        1 samples, Peak.  1.64 ms (1.0x), Avg.  1.64 ms, Total. 1.638 ms (0.0%)
[Performance] Application.LoadAllDefaultResourcesFromEditor                                                                      :        1 samples, Peak.  1.95 ms (1.0x), Avg.  1.95 ms, Total. 1.948 ms (0.0%)
[Performance] Application.LoadMonoAssemblies                                                                                     :        1 samples, Peak.   590 ms (1.0x), Avg.   590 ms, Total. 590.5 ms (3.4%)
[Performance] RestoreManagedReferences                                                                                           :        2 samples, Peak.  40.0 ms (2.0x), Avg.  20.0 ms, Total. 40.01 ms (0.2%)
[Performance] InitializeOnLoad LayerSettingsWindow                                                                               :        2 samples, Peak.   400 us (1.9x), Avg.   205 us, Total. 410.8 us (0.0%)
[Performance] InitializeOnLoad ParameterControllerEditor                                                                         :        2 samples, Peak.  15.7 us (1.1x), Avg.  14.2 us, Total. 28.40 us (0.0%)
[Performance] InitializeOnLoad ServicesRepository                                                                                :        2 samples, Peak.   635 us (1.0x), Avg.   620 us, Total. 1.240 ms (0.0%)
[Performance] InitializeOnLoad AdsService                                                                                        :        2 samples, Peak.  3.77 ms (1.7x), Avg.  2.20 ms, Total. 4.409 ms (0.0%)
[Performance] InitializeOnLoad AnalyticsService                                                                                  :        2 samples, Peak.   162 us (1.1x), Avg.   150 us, Total. 300.9 us (0.0%)
[Performance] InitializeOnLoad BuildService                                                                                      :        2 samples, Peak.   137 us (1.0x), Avg.   134 us, Total. 267.6 us (0.0%)
[Performance] InitializeOnLoad CloudBuildPoller                                                                                  :        2 samples, Peak.   122 us (1.1x), Avg.   114 us, Total. 227.2 us (0.0%)
[Performance] InitializeOnLoad CollabService                                                                                     :        2 samples, Peak.   149 us (1.0x), Avg.   146 us, Total. 292.3 us (0.0%)
[Performance] InitializeOnLoad CrashService                                                                                      :        2 samples, Peak.   142 us (1.0x), Avg.   139 us, Total. 277.1 us (0.0%)
[Performance] InitializeOnLoad PurchasingService                                                                                 :        2 samples, Peak.  5.86 ms (1.5x), Avg.  3.90 ms, Total. 7.809 ms (0.0%)
[Performance] InitializeOnLoad UDPService                                                                                        :        2 samples, Peak.   174 us (1.1x), Avg.   154 us, Total. 308.6 us (0.0%)
[Performance] InitializeOnLoad UIDocumentHierarchyWatcher                                                                        :        2 samples, Peak.   688 us (1.7x), Avg.   414 us, Total. 828.7 us (0.0%)
[Performance] InitializeOnLoad RetainedMode                                                                                      :        2 samples, Peak.  1.95 ms (1.1x), Avg.  1.74 ms, Total. 3.490 ms (0.0%)
[Performance] InitializeOnLoad EditorMonitor                                                                                     :        2 samples, Peak.   169 us (1.0x), Avg.   167 us, Total. 333.1 us (0.0%)
[Performance] InitializeOnLoad EditorShaderLoader                                                                                :        2 samples, Peak.   923 us (1.0x), Avg.   886 us, Total. 1.772 ms (0.0%)
[Performance] InitializeOnLoad UXMLEditorFactories                                                                               :        2 samples, Peak.  61.2 ms (1.0x), Avg.  58.8 ms, Total. 117.6 ms (0.7%)
[Performance] InitializeOnLoad SearchMonitor                                                                                     :        2 samples, Peak.  23.8 ms (1.5x), Avg.  15.6 ms, Total. 31.14 ms (0.2%)
[Performance] InitializeOnLoad PlayModeDownload                                                                                  :        2 samples, Peak.  2.31 ms (1.9x), Avg.  1.21 ms, Total. 2.414 ms (0.0%)
[Performance] InitializeOnLoad SearchWindow                                                                                      :        2 samples, Peak.   273 us (1.4x), Avg.   195 us, Total. 389.1 us (0.0%)
[Performance] InitializeOnLoad EditMode                                                                                          :        2 samples, Peak.   483 us (1.3x), Avg.   377 us, Total. 754.5 us (0.0%)
[Performance] InitializeOnLoad AssetStoreContext                                                                                 :        2 samples, Peak.  5.27 ms (1.4x), Avg.  3.73 ms, Total. 7.457 ms (0.0%)
[Performance] InitializeOnLoad DrivenRectTransformUndo                                                                           :        2 samples, Peak.   193 us (1.0x), Avg.   186 us, Total. 372.8 us (0.0%)
[Performance] InitializeOnLoad CacheServerWindow                                                                                 :        2 samples, Peak.  12.2 us (1.1x), Avg.  11.3 us, Total. 22.70 us (0.0%)
[Performance] InitializeOnLoad ManagedDebuggerWindow                                                                             :        2 samples, Peak.   740 us (1.1x), Avg.   688 us, Total. 1.376 ms (0.0%)
[Performance] InitializeOnLoad WindowLayout                                                                                      :        2 samples, Peak.  19.9 ms (2.0x), Avg.  10.1 ms, Total. 20.22 ms (0.1%)
[Performance] InitializeOnLoad PrefabInstanceChangedListener                                                                     :        2 samples, Peak.   163 us (1.6x), Avg.   103 us, Total. 206.2 us (0.0%)
[Performance] InitializeOnLoad SettingsService                                                                                   :        2 samples, Peak.  6.60 us (1.1x), Avg.  6.10 us, Total. 12.20 us (0.0%)
[Performance] InitializeOnLoad NativeFormatImporterUtility                                                                       :        2 samples, Peak.  2.09 ms (1.1x), Avg.  1.94 ms, Total. 3.882 ms (0.0%)
[Performance] InitializeOnLoad UISystemProfilerRenderService                                                                     :        2 samples, Peak.  8.10 us (1.1x), Avg.  7.40 us, Total. 14.80 us (0.0%)
[Performance] InitializeOnLoad ShortcutIntegration                                                                               :        2 samples, Peak.  77.1 us (1.0x), Avg.  73.6 us, Total. 147.1 us (0.0%)
[Performance] InitializeOnLoad UnityConnect                                                                                      :        2 samples, Peak.  65.0 us (1.0x), Avg.  64.6 us, Total. 129.2 us (0.0%)
[Performance] InitializeOnLoad ObjectSelectorSearch                                                                              :        2 samples, Peak.   326 us (1.8x), Avg.   184 us, Total. 367.2 us (0.0%)
[Performance] InitializeOnLoad ProjectSearch                                                                                     :        2 samples, Peak.  53.6 us (1.0x), Avg.  53.3 us, Total. 106.5 us (0.0%)
[Performance] InitializeOnLoad SceneSearch                                                                                       :        2 samples, Peak.  76.9 us (1.3x), Avg.  58.6 us, Total. 117.2 us (0.0%)
[Performance] InitializeOnLoad SearchService                                                                                     :        2 samples, Peak.   101 us (1.0x), Avg.  97.5 us, Total. 195.0 us (0.0%)
[Performance] InitializeOnLoad AddComponentWindow                                                                                :        2 samples, Peak.   102 us (1.0x), Avg.   100 us, Total. 200.6 us (0.0%)
[Performance] InitializeOnLoad Collab                                                                                            :        2 samples, Peak.  5.28 ms (1.2x), Avg.  4.47 ms, Total. 8.936 ms (0.1%)
[Performance] InitializeOnLoad CloudBuild                                                                                        :        2 samples, Peak.  4.50 us (1.1x), Avg.  4.25 us, Total. 8.500 us (0.0%)
[Performance] InitializeOnLoad MixerEffectDefinitionReloader                                                                     :        2 samples, Peak.  2.20 ms (1.2x), Avg.  1.86 ms, Total. 3.716 ms (0.0%)
[Performance] InitializeOnLoad MenuItems                                                                                         :        2 samples, Peak.   125 us (1.2x), Avg.   104 us, Total. 208.1 us (0.0%)
[Performance] InitializeOnLoad ManagedDebugger                                                                                   :        2 samples, Peak.  1.00 us (1.1x), Avg.   900 ns, Total. 1.800 us (0.0%)
[Performance] InitializeOnLoad EditorDragAndDrop.RegisterEditorClient                                                            :        2 samples, Peak.  1.02 ms (1.5x), Avg.   676 us, Total. 1.351 ms (0.0%)
[Performance] InitializeOnLoad EditorDelegateRegistration.Initialize                                                             :        2 samples, Peak.   413 us (1.0x), Avg.   412 us, Total. 824.6 us (0.0%)
[Performance] InitializeOnLoad LiveReloadTrackerCreator.Initialize                                                               :        2 samples, Peak.   170 us (1.0x), Avg.   169 us, Total. 337.7 us (0.0%)
[Performance] InitializeOnLoad PackageManagerHookGUIDConverter.RegisterPackagesEventHandler                                      :        2 samples, Peak.   303 us (1.3x), Avg.   236 us, Total. 471.2 us (0.0%)
[Performance] InitializeOnLoad RuntimeEditorDelegateRegistration.Initialize                                                      :        2 samples, Peak.   217 us (1.0x), Avg.   209 us, Total. 418.1 us (0.0%)
[Performance] InitializeOnLoad EditorEventCallbacks.InitializeFontAssetResourceChangeCallBacks                                   :        2 samples, Peak.  1.02 ms (1.1x), Avg.   924 us, Total. 1.849 ms (0.0%)
[Performance] InitializeOnLoad SceneTemplateService.Init                                                                         :        2 samples, Peak.   558 us (1.5x), Avg.   372 us, Total. 744.7 us (0.0%)
[Performance] InitializeOnLoad PackageManagerWindow.EditorInitializedInSafeMode                                                  :        2 samples, Peak.  29.1 ms (2.0x), Avg.  14.6 ms, Total. 29.22 ms (0.2%)
[Performance] InitializeOnLoad EntitlementsErrorChecker.OpenFirstEntitlementError                                                :        2 samples, Peak.  7.83 ms (1.9x), Avg.  4.19 ms, Total. 8.374 ms (0.0%)
[Performance] InitializeOnLoad ScopedRegistryAddedPopup.SubscribeToRegistriesAdded                                               :        2 samples, Peak.   145 us (1.2x), Avg.   121 us, Total. 242.9 us (0.0%)
[Performance] InitializeOnLoad DiagnosticSwitchesConsoleMessage.Init                                                             :        2 samples, Peak.  5.58 ms (1.6x), Avg.  3.50 ms, Total. 6.993 ms (0.0%)
[Performance] InitializeOnLoad SysrootManager.Initialize                                                                         :        2 samples, Peak.   426 us (1.0x), Avg.   417 us, Total. 833.5 us (0.0%)
[Performance] InitializeOnLoad AssetPostprocessingInternal.RefreshCustomDependencies                                             :        2 samples, Peak.  1.48 ms (1.1x), Avg.  1.30 ms, Total. 2.606 ms (0.0%)
[Performance] InitializeOnLoad EditorWindow.Initialize                                                                           :        2 samples, Peak.   247 us (1.1x), Avg.   227 us, Total. 454.8 us (0.0%)
[Performance] InitializeOnLoad SceneVisibilityManager.Initialize                                                                 :        2 samples, Peak.  6.65 ms (1.8x), Avg.  3.71 ms, Total. 7.411 ms (0.0%)
[Performance] InitializeOnLoad MemoryProfilerCompilationGuard.InjectCompileGuard                                                 :        2 samples, Peak.   253 us (1.1x), Avg.   239 us, Total. 477.8 us (0.0%)
[Performance] ProcessService.EditorAfterLoadAllAssemblies                                                                        :        2 samples, Peak.   301 us (1.1x), Avg.   282 us, Total. 563.6 us (0.0%)
[Performance] Application.ReadLicenseInfo                                                                                        :        1 samples, Peak.  12.7 ms (1.0x), Avg.  12.7 ms, Total. 12.71 ms (0.1%)
[Performance] Application.InitialRefresh                                                                                         :        1 samples, Peak.  2.72 s (1.0x), Avg.  2.72 s, Total. 2.721 s (15.8%)
[Performance] Compiling Scripts                                                                                                  :        1 samples, Peak.   471 ms (1.0x), Avg.   471 ms, Total. 471.2 ms (2.7%)
[Performance] InitializeOnLoad NugetHelper                                                                                       :        1 samples, Peak.  88.7 ms (1.0x), Avg.  88.7 ms, Total. 88.71 ms (0.5%)
[Performance] AssetDatabase.Refresh                                                                                              :        1 samples, Peak.  4.20 us (1.0x), Avg.  4.20 us, Total. 4.200 us (0.0%)
[Performance] InitializeOnLoad OnLoadUtilities                                                                                   :        1 samples, Peak.  18.1 ms (1.0x), Avg.  18.1 ms, Total. 18.12 ms (0.1%)
[Performance] InitializeOnLoad ToolbarBootstrap                                                                                  :        1 samples, Peak.   503 us (1.0x), Avg.   503 us, Total. 503.4 us (0.0%)
[Performance] InitializeOnLoad EditorEventListener                                                                               :        1 samples, Peak.   802 us (1.0x), Avg.   802 us, Total. 802.2 us (0.0%)
[Performance] InitializeOnLoad PlasticPlugin                                                                                     :        1 samples, Peak.  56.7 ms (1.0x), Avg.  56.7 ms, Total. 56.65 ms (0.3%)
[Performance] InitializeOnLoad ServiceFacadeEditor                                                                               :        1 samples, Peak.  2.18 ms (1.0x), Avg.  2.18 ms, Total. 2.177 ms (0.0%)
[Performance] InitializeOnLoad RiderScriptEditor                                                                                 :        1 samples, Peak.  7.93 ms (1.0x), Avg.  7.93 ms, Total. 7.925 ms (0.0%)
[Performance] InitializeOnLoad CallbackInitializer                                                                               :        1 samples, Peak.  2.16 ms (1.0x), Avg.  2.16 ms, Total. 2.162 ms (0.0%)
[Performance] InitializeOnLoad MixedRealityEditorSettings                                                                        :        1 samples, Peak.   249 us (1.0x), Avg.   249 us, Total. 249.4 us (0.0%)
[Performance] InitializeOnLoad MixedRealityToolkitFacadeHandler                                                                  :        1 samples, Peak.   493 us (1.0x), Avg.   493 us, Total. 492.7 us (0.0%)
[Performance] InitializeOnLoad PrefabLayoutRebuilder                                                                             :        1 samples, Peak.   240 us (1.0x), Avg.   240 us, Total. 239.8 us (0.0%)
[Performance] InitializeOnLoad EditorProjectUtilities                                                                            :        1 samples, Peak.  71.3 ms (1.0x), Avg.  71.3 ms, Total. 71.34 ms (0.4%)
[Performance] InitializeOnLoad USBDeviceListener                                                                                 :        1 samples, Peak.   478 us (1.0x), Avg.   478 us, Total. 477.7 us (0.0%)
[Performance] InitializeOnLoad RerunCallbackInitializer                                                                          :        1 samples, Peak.  2.09 ms (1.0x), Avg.  2.09 ms, Total. 2.090 ms (0.0%)
[Performance] InitializeOnLoad UnityTestProtocolStarter                                                                          :        1 samples, Peak.   373 us (1.0x), Avg.   373 us, Total. 372.8 us (0.0%)
[Performance] InitializeOnLoad TestStarter                                                                                       :        1 samples, Peak.  1.46 ms (1.0x), Avg.  1.46 ms, Total. 1.463 ms (0.0%)
[Performance] InitializeOnLoad BackgroundWatcher                                                                                 :        1 samples, Peak.  74.3 us (1.0x), Avg.  74.3 us, Total. 74.30 us (0.0%)
[Performance] InitializeOnLoad VisualStudioEditor                                                                                :        1 samples, Peak.  7.66 ms (1.0x), Avg.  7.66 ms, Total. 7.662 ms (0.0%)
[Performance] InitializeOnLoad VisualStudioIntegration                                                                           :        1 samples, Peak.  2.94 ms (1.0x), Avg.  2.94 ms, Total. 2.940 ms (0.0%)
[Performance] InitializeOnLoad TestRunnerApiListener                                                                             :        1 samples, Peak.   324 us (1.0x), Avg.   324 us, Total. 324.3 us (0.0%)
[Performance] InitializeOnLoad VSCodeScriptEditor                                                                                :        1 samples, Peak.  3.56 ms (1.0x), Avg.  3.56 ms, Total. 3.555 ms (0.0%)
[Performance] InitializeOnLoad SyncContextUtility.Initialize                                                                     :        1 samples, Peak.   798 us (1.0x), Avg.   798 us, Total. 797.6 us (0.0%)
[Performance] InitializeOnLoad MixedRealityPlayspace.InitializeOnLoad                                                            :        1 samples, Peak.  1.46 ms (1.0x), Avg.  1.46 ms, Total. 1.457 ms (0.0%)
[Performance] InitializeOnLoad MixedRealityProfileUtility.InitializeOnLoad                                                       :        1 samples, Peak.   249 us (1.0x), Avg.   249 us, Total. 249.0 us (0.0%)
[Performance] InitializeOnLoad SceneInfoUtils.InitializeOnLoad                                                                   :        1 samples, Peak.   245 ms (1.0x), Avg.   245 ms, Total. 245.4 ms (1.4%)
[Performance] InitializeOnLoad TestJobDataHolder.ResumeRunningJobs                                                               :        1 samples, Peak.   587 us (1.0x), Avg.   587 us, Total. 586.6 us (0.0%)
[Performance] InitializeOnLoad AnalyticsReporter.RegisterCallbacks                                                               :        1 samples, Peak.   233 us (1.0x), Avg.   233 us, Total. 233.3 us (0.0%)
[Performance] DidReloadScriptsTestListCache.ScriptReloaded                                                                       :        1 samples, Peak.   979 us (1.0x), Avg.   979 us, Total. 979.2 us (0.0%)
[Performance] DidReloadScriptsTestRunnerWindow.CompilationCallback                                                               :        1 samples, Peak.  1.03 ms (1.0x), Avg.  1.03 ms, Total. 1.032 ms (0.0%)
[Performance] DidReloadScriptsAdvancedDropdownWindow.OnScriptReload                                                              :        1 samples, Peak.   185 us (1.0x), Avg.   185 us, Total. 185.4 us (0.0%)
[Performance] SyncVS.PostprocessSyncProject                                                                                      :        1 samples, Peak.  3.43 ms (1.0x), Avg.  3.43 ms, Total. 3.425 ms (0.0%)
[Performance] Application.ImportPackagesAndSetTemplateWhenCreatingProject                                                        :        1 samples, Peak.  13.0 ms (1.0x), Avg.  13.0 ms, Total. 13.03 ms (0.1%)
[Performance] Application.SyncCurrentColorSpace                                                                                  :        1 samples, Peak.  85.5 ms (1.0x), Avg.  85.5 ms, Total. 85.54 ms (0.5%)
[Performance] Application.OnUsbDevicesChanged                                                                                    :        1 samples, Peak.  44.9 ms (1.0x), Avg.  44.9 ms, Total. 44.89 ms (0.3%)
[Performance] Application.AssetInstanceCacheUpdate                                                                               :        1 samples, Peak.   300 ns (1.0x), Avg.   300 ns, Total. 300.0 ns (0.0%)
[Performance] Application.UnityExtensions.Initialize                                                                             :        1 samples, Peak.   843 us (1.0x), Avg.   843 us, Total. 842.6 us (0.0%)
[Performance] Application.InitializeManagedCompilationPipeline                                                                   :        1 samples, Peak.  1.06 s (1.0x), Avg.  1.06 s, Total. 1.062 s (6.2%)
[Performance] Application.ExecuteStartups                                                                                        :        1 samples, Peak.   111 ms (1.0x), Avg.   111 ms, Total. 110.6 ms (0.6%)
[Performance] Menu.RegisterMenuInterface                                                                                         :       26 samples, Peak.  1.70 us (9.0x), Avg.   188 ns, Total. 4.900 us (0.0%)
[Performance] Gizmo.RebuildRenderers                                                                                             :        1 samples, Peak.   110 ms (1.0x), Avg.   110 ms, Total. 109.5 ms (0.6%)
[Performance] Gizmo.AddGizmoRenderers                                                                                            :       93 samples, Peak.  1.24 ms (44.9x), Avg.  27.7 us, Total. 2.572 ms (0.0%)
[Performance] Application.editorInitializingProject                                                                              :        1 samples, Peak.  23.1 us (1.0x), Avg.  23.1 us, Total. 23.10 us (0.0%)
[Performance] Application.InitializeMenu                                                                                         :        1 samples, Peak.  88.2 ms (1.0x), Avg.  88.2 ms, Total. 88.16 ms (0.5%)
[Performance] Menu.RebuildAll                                                                                                    :        1 samples, Peak.  88.1 ms (1.0x), Avg.  88.1 ms, Total. 88.14 ms (0.5%)
[Performance] Menu.BuildRegisteredMenuInterfaces                                                                                 :        1 samples, Peak.  85.3 ms (1.0x), Avg.  85.3 ms, Total. 85.29 ms (0.5%)
[Performance] Menu.FilterMenuItem                                                                                                :      888 samples, Peak.  18.8 ms (853.9x), Avg.  22.0 us, Total. 19.52 ms (0.1%)
[Performance] UpdateAllMenus                                                                                                     :        1 samples, Peak.   620 us (1.0x), Avg.   620 us, Total. 620.0 us (0.0%)
[Performance] Menu.RebuildOSMainMenu                                                                                             :        1 samples, Peak.  2.14 ms (1.0x), Avg.  2.14 ms, Total. 2.138 ms (0.0%)
[Performance] EditorSceneManager.sceneClosing: UnityEditor.SceneVisibilityManager.EditorSceneManagerOnSceneClosing               :        1 samples, Peak.   310 us (1.0x), Avg.   310 us, Total. 310.2 us (0.0%)
[Performance] EditorSceneManager.sceneClosed: Microsoft.MixedReality.Toolkit.MixedRealityPlayspace.EditorSceneManagerSceneClosed :        1 samples, Peak.   193 us (1.0x), Avg.   193 us, Total. 193.3 us (0.0%)
[Performance] EditorSceneManager.activeSceneChangedInEditMode: callback in UnityEditor.Search.SearchMonitor                      :        1 samples, Peak.  93.5 us (1.0x), Avg.  93.5 us, Total. 93.50 us (0.0%)
[Performance] GUIView.RepaintAll.PlayerLoopController                                                                            :        1 samples, Peak.  1.50 us (1.0x), Avg.  1.50 us, Total. 1.500 us (0.0%)
[Performance] EditorSceneManager.newSceneCreated: UnityEditor.SceneVisibilityManager.EditorSceneManagerOnNewSceneCreated         :        1 samples, Peak.   401 us (1.0x), Avg.   401 us, Total. 401.1 us (0.0%)
[Performance] EditorSceneManager.newSceneCreated: UnityEditor.SceneManagement.StageNavigationManager.OnNewSceneCreated           :        1 samples, Peak.  65.4 us (1.0x), Avg.  65.4 us, Total. 65.40 us (0.0%)
[Performance] Application.InvokeFinishedLoadingProject                                                                           :        1 samples, Peak.   102 ms (1.0x), Avg.   102 ms, Total. 101.7 ms (0.6%)
[Performance] ProcessService.OnProjectLoaded                                                                                     :        1 samples, Peak.  50.3 us (1.0x), Avg.  50.3 us, Total. 50.30 us (0.0%)
[Performance] VersionControl.Task.Wait                                                                                           :        1 samples, Peak.  7.60 us (1.0x), Avg.  7.60 us, Total. 7.600 us (0.0%)
[Performance] FileModificationWarning.OnWillSaveAssets                                                                           :        2 samples, Peak.   539 us (2.0x), Avg.   273 us, Total. 546.8 us (0.0%)
[Performance] AssetModificationProcessor.OnWillSaveAssets                                                                        :        2 samples, Peak.   454 us (2.0x), Avg.   228 us, Total. 455.5 us (0.0%)
[Performance] BuilderAssetModificationProcessor.OnWillSaveAssets                                                                 :        2 samples, Peak.   971 us (2.0x), Avg.   494 us, Total. 988.5 us (0.0%)
[Performance] TerrainModificationProcessor.OnWillSaveAssets                                                                      :        2 samples, Peak.   732 us (2.0x), Avg.   367 us, Total. 734.6 us (0.0%)
[Performance] AssetDatabase.ImportAssets                                                                                         :        2 samples, Peak.   900 ns (2.0x), Avg.   450 ns, Total. 900.0 ns (0.0%)
[Performance] EditorApplication.quitting: UnityEditor.Search.SearchMonitor.OnQuitting                                            :        1 samples, Peak.  2.74 ms (1.0x), Avg.  2.74 ms, Total. 2.741 ms (0.0%)
[Performance] EditorApplication.quitting: callback in UnityEditor.TextCore.Text.EditorEventCallbacks                             :        1 samples, Peak.  11.4 ms (1.0x), Avg.  11.4 ms, Total. 11.41 ms (0.1%)
[Performance] Application.Shutdown.PauseProfilerSession                                                                          :        1 samples, Peak.  27.6 us (1.0x), Avg.  27.6 us, Total. 27.60 us (0.0%)
[Performance] Application.Shutdown.PauseAssetImportWorkers                                                                       :        1 samples, Peak.   460 us (1.0x), Avg.   460 us, Total. 459.6 us (0.0%)
[Performance] Application.Shutdown.SaveAssets                                                                                    :        1 samples, Peak.   508 us (1.0x), Avg.   508 us, Total. 507.7 us (0.0%)
[Performance] Application.Shutdown.CleanupRenderPipeline                                                                         :        1 samples, Peak.  1.80 us (1.0x), Avg.  1.80 us, Total. 1.800 us (0.0%)
[Performance] Application.Shutdown.StopPreloadManager                                                                            :        1 samples, Peak.  10.2 ms (1.0x), Avg.  10.2 ms, Total. 10.16 ms (0.1%)
[Performance] Application.Shutdown.DestroyWorld                                                                                  :        1 samples, Peak.   500 us (1.0x), Avg.   500 us, Total. 499.5 us (0.0%)
[Performance] Application.Shutdown.CleanupAfterLoad                                                                              :        1 samples, Peak.  4.44 ms (1.0x), Avg.  4.44 ms, Total. 4.437 ms (0.0%)
[Performance] Application.Shutdown.Progress                                                                                      :        1 samples, Peak.  6.40 us (1.0x), Avg.  6.40 us, Total. 6.400 us (0.0%)
[Performance] Application.Shutdown.GICleanupManagers                                                                             :        1 samples, Peak.   840 us (1.0x), Avg.   840 us, Total. 840.4 us (0.0%)
[Performance] Application.Shutdown.MenuCleanupClass                                                                              :        1 samples, Peak.   305 us (1.0x), Avg.   305 us, Total. 305.1 us (0.0%)
[Performance] Application.Shutdown.ADBSaveStateBeforeShutdown                                                                    :        1 samples, Peak.  6.50 us (1.0x), Avg.  6.50 us, Total. 6.500 us (0.0%)
[Performance] Application.Shutdown.RemoteShutdown                                                                                :        1 samples, Peak.   600 ns (1.0x), Avg.   600 ns, Total. 600.0 ns (0.0%)
[Performance] Application.Shutdown.CleanupVCProvider                                                                             :        1 samples, Peak.  10.8 us (1.0x), Avg.  10.8 us, Total. 10.80 us (0.0%)
[Performance] Application.Shutdown.InputShutdown                                                                                 :        1 samples, Peak.   500 ns (1.0x), Avg.   500 ns, Total. 500.0 ns (0.0%)
[Performance] Application.Shutdown.GizmoManagerDestroy                                                                           :        1 samples, Peak.   597 us (1.0x), Avg.   597 us, Total. 597.0 us (0.0%)
[Performance] Application.Shutdown.ProfilerSession                                                                               :        1 samples, Peak.   146 us (1.0x), Avg.   146 us, Total. 145.7 us (0.0%)
[Performance] Application.Shutdown.ReleaseGfxWindowOnAllGUIViews                                                                 :        1 samples, Peak.   400 ns (1.0x), Avg.   400 ns, Total. 400.0 ns (0.0%)
[Performance] Application.Shutdown.CleanupEngine                                                                                 :        1 samples, Peak.   103 ms (1.0x), Avg.   103 ms, Total. 102.6 ms (0.6%)
[Performance] Application.Shutdown.CleanupAssetDatabase                                                                          :        1 samples, Peak.  37.5 ms (1.0x), Avg.  37.5 ms, Total. 37.48 ms (0.2%)
[Performance] Application.Shutdown.ScriptCompilationCleanUp                                                                      :        1 samples, Peak.  22.6 us (1.0x), Avg.  22.6 us, Total. 22.60 us (0.0%)
[Performance] Application.Shutdown.DestroyJobSystem                                                                              :        1 samples, Peak.  24.0 us (1.0x), Avg.  24.0 us, Total. 24.00 us (0.0%)
[Performance] Application.Shutdown.CleanupPersistentManager                                                                      :        1 samples, Peak.  3.57 ms (1.0x), Avg.  3.57 ms, Total. 3.568 ms (0.0%)
[Performance] Application.Shutdown.CleanupAsyncReadManager                                                                       :        1 samples, Peak.   171 us (1.0x), Avg.   171 us, Total. 171.2 us (0.0%)
[Performance] Application.Shutdown.CleanupProgressBar                                                                            :        1 samples, Peak. 100.0 ns (1.0x), Avg. 100.0 ns, Total. 100.00 ns (0.0%)
[Performance] Application.Shutdown.CleanupMono                                                                                   :        1 samples, Peak.   143 ms (1.0x), Avg.   143 ms, Total. 143.0 ms (0.8%)
[Performance] Application.Shutdown.CleanupStdConverters                                                                          :        1 samples, Peak.  41.9 us (1.0x), Avg.  41.9 us, Total. 41.90 us (0.0%)
[Performance] Application.Shutdown.UnloadAllPlatformSupportModuleNativeDlls                                                      :        1 samples, Peak.  1.30 us (1.0x), Avg.  1.30 us, Total. 1.300 us (0.0%)
[Performance] Application.Shutdown.UnloadAllPlatformSupportNativeLibraries                                                       :        1 samples, Peak.   400 ns (1.0x), Avg.   400 ns, Total. 400.0 ns (0.0%)
[Performance] Application.Shutdown.CleanupAutoDocumentation                                                                      :        1 samples, Peak.  2.02 ms (1.0x), Avg.  2.02 ms, Total. 2.022 ms (0.0%)
[Performance] Application.Shutdown.ShaderNameManagerDestroy                                                                      :        1 samples, Peak.   238 us (1.0x), Avg.   238 us, Total. 237.5 us (0.0%)
[Performance] Application.Shutdown.CleanupCacheServer                                                                            :        1 samples, Peak.   500 ns (1.0x), Avg.   500 ns, Total. 500.0 ns (0.0%)
[Performance] Application.Shutdown.Virtualization_Shutdown                                                                       :        1 samples, Peak.   800 ns (1.0x), Avg.   800 ns, Total. 800.0 ns (0.0%)
[Performance] Application.Shutdown.DevConnections                                                                                :        1 samples, Peak.   304 us (1.0x), Avg.   304 us, Total. 303.7 us (0.0%)
Exiting batchmode successfully now!
Exiting without the bug reporter. Application will terminate with return code 0